{"/home/travis/build/npmtest/node-npmtest-partition-bundle/test.js":{"path":"/home/travis/build/npmtest/node-npmtest-partition-bundle/test.js","s":{"1":2,"2":2,"3":2,"4":2,"5":2,"6":2,"7":2,"8":1,"9":2,"10":2,"11":1,"12":1,"13":1,"14":1,"15":2,"16":2,"17":2,"18":2,"19":1,"20":1,"21":2,"22":2,"23":2,"24":1,"25":1,"26":1,"27":1,"28":1,"29":1,"30":1,"31":1,"32":1,"33":1,"34":1,"35":1,"36":1,"37":1,"38":1,"39":2,"40":2,"41":1,"42":2,"43":2,"44":1,"45":2,"46":2,"47":1,"48":2,"49":2,"50":1,"51":1,"52":1,"53":1,"54":1},"b":{"1":[2,1,1,1],"2":[1,1,1,1],"3":[1,1],"4":[1,1],"5":[1,1],"6":[1,1],"7":[1,1],"8":[1,1],"9":[1,1],"10":[1,1,1],"11":[1,1],"12":[1,1],"13":[1,1],"14":[1,1],"15":[1,1],"16":[1,1],"17":[1,1]},"f":{"1":2,"2":2,"3":2,"4":2,"5":2,"6":1,"7":1,"8":1,"9":2,"10":2,"11":2,"12":2,"13":1},"fnMap":{"1":{"name":"(anonymous_1)","line":12,"loc":{"start":{"line":12,"column":1},"end":{"line":12,"column":13}}},"2":{"name":"(anonymous_2)","line":19,"loc":{"start":{"line":19,"column":5},"end":{"line":19,"column":17}}},"3":{"name":"(anonymous_3)","line":23,"loc":{"start":{"line":23,"column":24},"end":{"line":23,"column":36}}},"4":{"name":"(anonymous_4)","line":61,"loc":{"start":{"line":61,"column":5},"end":{"line":61,"column":17}}},"5":{"name":"(anonymous_5)","line":82,"loc":{"start":{"line":82,"column":5},"end":{"line":82,"column":17}}},"6":{"name":"(anonymous_6)","line":91,"loc":{"start":{"line":91,"column":77},"end":{"line":94,"column":10}}},"7":{"name":"(anonymous_7)","line":112,"loc":{"start":{"line":112,"column":83},"end":{"line":115,"column":10}},"skip":true},"8":{"name":"(anonymous_8)","line":123,"loc":{"start":{"line":123,"column":77},"end":{"line":126,"column":10}},"skip":true},"9":{"name":"(anonymous_9)","line":139,"loc":{"start":{"line":139,"column":12},"end":{"line":139,"column":40}},"skip":true},"10":{"name":"(anonymous_10)","line":147,"loc":{"start":{"line":147,"column":77},"end":{"line":150,"column":10}},"skip":true},"11":{"name":"(anonymous_11)","line":158,"loc":{"start":{"line":158,"column":83},"end":{"line":161,"column":10}},"skip":true},"12":{"name":"(anonymous_12)","line":169,"loc":{"start":{"line":169,"column":79},"end":{"line":172,"column":10}},"skip":true},"13":{"name":"(anonymous_13)","line":180,"loc":{"start":{"line":180,"column":75},"end":{"line":183,"column":10}},"skip":true}},"statementMap":{"1":{"start":{"line":12,"column":0},"end":{"line":195,"column":5}},"2":{"start":{"line":14,"column":4},"end":{"line":14,"column":14}},"3":{"start":{"line":19,"column":4},"end":{"line":56,"column":9}},"4":{"start":{"line":21,"column":8},"end":{"line":21,"column":19}},"5":{"start":{"line":23,"column":8},"end":{"line":35,"column":13}},"6":{"start":{"line":24,"column":12},"end":{"line":34,"column":13}},"7":{"start":{"line":25,"column":16},"end":{"line":28,"column":30}},"8":{"start":{"line":30,"column":16},"end":{"line":33,"column":27}},"9":{"start":{"line":37,"column":8},"end":{"line":39,"column":21}},"10":{"start":{"line":40,"column":8},"end":{"line":53,"column":9}},"11":{"start":{"line":43,"column":12},"end":{"line":46,"column":14}},"12":{"start":{"line":47,"column":12},"end":{"line":47,"column":18}},"13":{"start":{"line":50,"column":12},"end":{"line":51,"column":46}},"14":{"start":{"line":52,"column":12},"end":{"line":52,"column":18}},"15":{"start":{"line":55,"column":8},"end":{"line":55,"column":35}},"16":{"start":{"line":61,"column":4},"end":{"line":63,"column":9}},"17":{"start":{"line":62,"column":8},"end":{"line":62,"column":15}},"18":{"start":{"line":64,"column":4},"end":{"line":77,"column":5}},"19":{"start":{"line":70,"column":8},"end":{"line":70,"column":14}},"20":{"start":{"line":76,"column":8},"end":{"line":76,"column":14}},"21":{"start":{"line":82,"column":4},"end":{"line":84,"column":9}},"22":{"start":{"line":83,"column":8},"end":{"line":83,"column":15}},"23":{"start":{"line":85,"column":4},"end":{"line":194,"column":5}},"24":{"start":{"line":91,"column":8},"end":{"line":99,"column":10}},"25":{"start":{"line":98,"column":12},"end":{"line":98,"column":35}},"26":{"start":{"line":102,"column":8},"end":{"line":104,"column":63}},"27":{"start":{"line":105,"column":8},"end":{"line":105,"column":14}},"28":{"start":{"line":112,"column":8},"end":{"line":121,"column":10},"skip":true},"29":{"start":{"line":119,"column":12},"end":{"line":119,"column":55},"skip":true},"30":{"start":{"line":120,"column":12},"end":{"line":120,"column":48},"skip":true},"31":{"start":{"line":123,"column":8},"end":{"line":136,"column":10},"skip":true},"32":{"start":{"line":130,"column":12},"end":{"line":130,"column":76},"skip":true},"33":{"start":{"line":131,"column":12},"end":{"line":131,"column":73},"skip":true},"34":{"start":{"line":132,"column":12},"end":{"line":132,"column":74},"skip":true},"35":{"start":{"line":133,"column":12},"end":{"line":133,"column":79},"skip":true},"36":{"start":{"line":134,"column":12},"end":{"line":134,"column":25},"skip":true},"37":{"start":{"line":135,"column":12},"end":{"line":135,"column":45},"skip":true},"38":{"start":{"line":138,"column":8},"end":{"line":145,"column":14},"skip":true},"39":{"start":{"line":143,"column":16},"end":{"line":143,"column":29},"skip":true},"40":{"start":{"line":144,"column":16},"end":{"line":144,"column":55},"skip":true},"41":{"start":{"line":147,"column":8},"end":{"line":156,"column":10},"skip":true},"42":{"start":{"line":154,"column":12},"end":{"line":154,"column":25},"skip":true},"43":{"start":{"line":155,"column":12},"end":{"line":155,"column":45},"skip":true},"44":{"start":{"line":158,"column":8},"end":{"line":167,"column":10},"skip":true},"45":{"start":{"line":165,"column":12},"end":{"line":165,"column":25},"skip":true},"46":{"start":{"line":166,"column":12},"end":{"line":166,"column":48},"skip":true},"47":{"start":{"line":169,"column":8},"end":{"line":178,"column":10},"skip":true},"48":{"start":{"line":176,"column":12},"end":{"line":176,"column":25},"skip":true},"49":{"start":{"line":177,"column":12},"end":{"line":177,"column":46},"skip":true},"50":{"start":{"line":180,"column":8},"end":{"line":189,"column":10},"skip":true},"51":{"start":{"line":187,"column":12},"end":{"line":187,"column":94},"skip":true},"52":{"start":{"line":188,"column":12},"end":{"line":188,"column":48},"skip":true},"53":{"start":{"line":192,"column":8},"end":{"line":192,"column":35},"skip":true},"54":{"start":{"line":193,"column":8},"end":{"line":193,"column":14},"skip":true}},"branchMap":{"1":{"line":25,"type":"binary-expr","locations":[{"start":{"line":25,"column":23},"end":{"line":25,"column":62}},{"start":{"line":26,"column":20},"end":{"line":26,"column":70}},{"start":{"line":27,"column":20},"end":{"line":27,"column":71}},{"start":{"line":28,"column":20},"end":{"line":28,"column":29}}]},"2":{"line":30,"type":"binary-expr","locations":[{"start":{"line":30,"column":23},"end":{"line":30,"column":37}},{"start":{"line":31,"column":20},"end":{"line":31,"column":61}},{"start":{"line":32,"column":20},"end":{"line":32,"column":70}},{"start":{"line":33,"column":20},"end":{"line":33,"column":26}}]},"3":{"line":37,"type":"cond-expr","locations":[{"start":{"line":38,"column":14},"end":{"line":38,"column":20}},{"start":{"line":39,"column":14},"end":{"line":39,"column":20}}]},"4":{"line":40,"type":"switch","locations":[{"start":{"line":42,"column":8},"end":{"line":47,"column":18}},{"start":{"line":49,"column":8},"end":{"line":52,"column":18}}]},"5":{"line":44,"type":"binary-expr","locations":[{"start":{"line":44,"column":16},"end":{"line":44,"column":44}},{"start":{"line":44,"column":48},"end":{"line":44,"column":66}}]},"6":{"line":50,"type":"binary-expr","locations":[{"start":{"line":50,"column":21},"end":{"line":50,"column":49}},{"start":{"line":50,"column":53},"end":{"line":50,"column":72}}]},"7":{"line":64,"type":"switch","locations":[{"start":{"line":69,"column":4},"end":{"line":70,"column":14}},{"start":{"line":75,"column":4},"end":{"line":76,"column":14}}]},"8":{"line":85,"type":"switch","locations":[{"start":{"line":90,"column":4},"end":{"line":105,"column":14}},{"start":{"line":111,"column":4},"end":{"line":193,"column":14},"skip":true}]},"9":{"line":91,"type":"binary-expr","locations":[{"start":{"line":91,"column":42},"end":{"line":91,"column":73}},{"start":{"line":91,"column":77},"end":{"line":99,"column":9}}]},"10":{"line":102,"type":"binary-expr","locations":[{"start":{"line":102,"column":18},"end":{"line":102,"column":32}},{"start":{"line":103,"column":12},"end":{"line":103,"column":53}},{"start":{"line":104,"column":12},"end":{"line":104,"column":61}}]},"11":{"line":112,"type":"binary-expr","locations":[{"start":{"line":112,"column":45},"end":{"line":112,"column":79},"skip":true},{"start":{"line":112,"column":83},"end":{"line":121,"column":9},"skip":true}]},"12":{"line":123,"type":"binary-expr","locations":[{"start":{"line":123,"column":42},"end":{"line":123,"column":73},"skip":true},{"start":{"line":123,"column":77},"end":{"line":136,"column":9},"skip":true}]},"13":{"line":138,"type":"binary-expr","locations":[{"start":{"line":138,"column":48},"end":{"line":138,"column":85},"skip":true},{"start":{"line":139,"column":12},"end":{"line":145,"column":13},"skip":true}]},"14":{"line":147,"type":"binary-expr","locations":[{"start":{"line":147,"column":42},"end":{"line":147,"column":73},"skip":true},{"start":{"line":147,"column":77},"end":{"line":156,"column":9},"skip":true}]},"15":{"line":158,"type":"binary-expr","locations":[{"start":{"line":158,"column":45},"end":{"line":158,"column":79},"skip":true},{"start":{"line":158,"column":83},"end":{"line":167,"column":9},"skip":true}]},"16":{"line":169,"type":"binary-expr","locations":[{"start":{"line":169,"column":43},"end":{"line":169,"column":75},"skip":true},{"start":{"line":169,"column":79},"end":{"line":178,"column":9},"skip":true}]},"17":{"line":180,"type":"binary-expr","locations":[{"start":{"line":180,"column":41},"end":{"line":180,"column":71},"skip":true},{"start":{"line":180,"column":75},"end":{"line":189,"column":9},"skip":true}]}},"code":["/* istanbul instrument in package npmtest_partition_bundle */","/*jslint","    bitwise: true,","    browser: true,","    maxerr: 8,","    maxlen: 96,","    node: true,","    nomen: true,","    regexp: true,","    stupid: true","*/","(function () {","    'use strict';","    var local;","","","","    // run shared js-env code - pre-init","    (function () {","        // init local","        local = {};","        // init modeJs","        local.modeJs = (function () {","            try {","                return typeof navigator.userAgent === 'string' &&","                    typeof document.querySelector('body') === 'object' &&","                    typeof XMLHttpRequest.prototype.open === 'function' &&","                    'browser';","            } catch (errorCaughtBrowser) {","                return module.exports &&","                    typeof process.versions.node === 'string' &&","                    typeof require('http').createServer === 'function' &&","                    'node';","            }","        }());","        // init global","        local.global = local.modeJs === 'browser'","            ? window","            : global;","        switch (local.modeJs) {","        // re-init local from window.local","        case 'browser':","            local = local.global.utility2.objectSetDefault(","                local.global.utility2_rollup || local.global.local,","                local.global.utility2","            );","            break;","        // re-init local from example.js","        case 'node':","            local = (local.global.utility2_rollup || require('utility2'))","                .requireExampleJsFromReadme();","            break;","        }","        // export local","        local.global.local = local;","    }());","","","","    // run shared js-env code - function","    (function () {","        return;","    }());","    switch (local.modeJs) {","","","","    // run browser js-env code - function","    case 'browser':","        break;","","","","    // run node js-env code - function","    case 'node':","        break;","    }","","","","    // run shared js-env code - post-init","    (function () {","        return;","    }());","    switch (local.modeJs) {","","","","    // run browser js-env code - post-init","    case 'browser':","        local.testCase_browser_nullCase = local.testCase_browser_nullCase || function (","            options,","            onError","        ) {","        /*","         * this function will test browsers's null-case handling-behavior-behavior","         */","            onError(null, options);","        };","","        // run tests","        local.nop(local.modeTest &&","            document.querySelector('#testRunButton1') &&","            document.querySelector('#testRunButton1').click());","        break;","","","","    // run node js-env code - post-init","    /* istanbul ignore next */","    case 'node':","        local.testCase_buildApidoc_default = local.testCase_buildApidoc_default || function (","            options,","            onError","        ) {","        /*","         * this function will test buildApidoc's default handling-behavior-behavior","         */","            options = { modulePathList: module.paths };","            local.buildApidoc(options, onError);","        };","","        local.testCase_buildApp_default = local.testCase_buildApp_default || function (","            options,","            onError","        ) {","        /*","         * this function will test buildApp's default handling-behavior-behavior","         */","            local.testCase_buildReadme_default(options, local.onErrorThrow);","            local.testCase_buildLib_default(options, local.onErrorThrow);","            local.testCase_buildTest_default(options, local.onErrorThrow);","            local.testCase_buildCustomOrg_default(options, local.onErrorThrow);","            options = [];","            local.buildApp(options, onError);","        };","","        local.testCase_buildCustomOrg_default = local.testCase_buildCustomOrg_default ||","            function (options, onError) {","            /*","             * this function will test buildCustomOrg's default handling-behavior","             */","                options = {};","                local.buildCustomOrg(options, onError);","            };","","        local.testCase_buildLib_default = local.testCase_buildLib_default || function (","            options,","            onError","        ) {","        /*","         * this function will test buildLib's default handling-behavior","         */","            options = {};","            local.buildLib(options, onError);","        };","","        local.testCase_buildReadme_default = local.testCase_buildReadme_default || function (","            options,","            onError","        ) {","        /*","         * this function will test buildReadme's default handling-behavior-behavior","         */","            options = {};","            local.buildReadme(options, onError);","        };","","        local.testCase_buildTest_default = local.testCase_buildTest_default || function (","            options,","            onError","        ) {","        /*","         * this function will test buildTest's default handling-behavior","         */","            options = {};","            local.buildTest(options, onError);","        };","","        local.testCase_webpage_default = local.testCase_webpage_default || function (","            options,","            onError","        ) {","        /*","         * this function will test webpage's default handling-behavior","         */","            options = { modeCoverageMerge: true, url: local.serverLocalHost + '?modeTest=1' };","            local.browserTest(options, onError);","        };","","        // run test-server","        local.testRunServer(local);","        break;","    }","}());",""],"l":{"12":2,"14":2,"19":2,"21":2,"23":2,"24":2,"25":2,"30":1,"37":2,"40":2,"43":1,"47":1,"50":1,"52":1,"55":2,"61":2,"62":2,"64":2,"70":1,"76":1,"82":2,"83":2,"85":2,"91":1,"98":1,"102":1,"105":1,"112":1,"119":1,"120":1,"123":1,"130":1,"131":1,"132":1,"133":1,"134":1,"135":1,"138":1,"143":2,"144":2,"147":1,"154":2,"155":2,"158":1,"165":2,"166":2,"169":1,"176":2,"177":2,"180":1,"187":1,"188":1,"192":1,"193":1}},"/home/travis/build/npmtest/node-npmtest-partition-bundle/lib.npmtest_partition_bundle.js":{"path":"/home/travis/build/npmtest/node-npmtest-partition-bundle/lib.npmtest_partition_bundle.js","s":{"1":2,"2":2,"3":2,"4":2,"5":2,"6":2,"7":2,"8":1,"9":2,"10":2,"11":2,"12":2,"13":1,"14":1,"15":1,"16":1},"b":{"1":[2,1,1,1],"2":[1,1,1,1],"3":[1,1],"4":[2,2],"5":[1,1]},"f":{"1":2,"2":2,"3":2},"fnMap":{"1":{"name":"(anonymous_1)","line":12,"loc":{"start":{"line":12,"column":1},"end":{"line":12,"column":13}}},"2":{"name":"(anonymous_2)","line":19,"loc":{"start":{"line":19,"column":5},"end":{"line":19,"column":17}}},"3":{"name":"(anonymous_3)","line":23,"loc":{"start":{"line":23,"column":24},"end":{"line":23,"column":36}}}},"statementMap":{"1":{"start":{"line":12,"column":0},"end":{"line":53,"column":5}},"2":{"start":{"line":14,"column":4},"end":{"line":14,"column":14}},"3":{"start":{"line":19,"column":4},"end":{"line":52,"column":9}},"4":{"start":{"line":21,"column":8},"end":{"line":21,"column":19}},"5":{"start":{"line":23,"column":8},"end":{"line":35,"column":13}},"6":{"start":{"line":24,"column":12},"end":{"line":34,"column":13}},"7":{"start":{"line":25,"column":16},"end":{"line":28,"column":30}},"8":{"start":{"line":30,"column":16},"end":{"line":33,"column":27}},"9":{"start":{"line":37,"column":8},"end":{"line":39,"column":21}},"10":{"start":{"line":41,"column":8},"end":{"line":41,"column":54}},"11":{"start":{"line":43,"column":8},"end":{"line":43,"column":61}},"12":{"start":{"line":45,"column":8},"end":{"line":51,"column":9}},"13":{"start":{"line":46,"column":12},"end":{"line":46,"column":67}},"14":{"start":{"line":48,"column":12},"end":{"line":48,"column":35}},"15":{"start":{"line":49,"column":12},"end":{"line":49,"column":49}},"16":{"start":{"line":50,"column":12},"end":{"line":50,"column":43}}},"branchMap":{"1":{"line":25,"type":"binary-expr","locations":[{"start":{"line":25,"column":23},"end":{"line":25,"column":62}},{"start":{"line":26,"column":20},"end":{"line":26,"column":70}},{"start":{"line":27,"column":20},"end":{"line":27,"column":71}},{"start":{"line":28,"column":20},"end":{"line":28,"column":29}}]},"2":{"line":30,"type":"binary-expr","locations":[{"start":{"line":30,"column":23},"end":{"line":30,"column":37}},{"start":{"line":31,"column":20},"end":{"line":31,"column":61}},{"start":{"line":32,"column":20},"end":{"line":32,"column":70}},{"start":{"line":33,"column":20},"end":{"line":33,"column":26}}]},"3":{"line":37,"type":"cond-expr","locations":[{"start":{"line":38,"column":14},"end":{"line":38,"column":20}},{"start":{"line":39,"column":14},"end":{"line":39,"column":20}}]},"4":{"line":41,"type":"binary-expr","locations":[{"start":{"line":41,"column":16},"end":{"line":41,"column":44}},{"start":{"line":41,"column":48},"end":{"line":41,"column":53}}]},"5":{"line":45,"type":"if","locations":[{"start":{"line":45,"column":8},"end":{"line":45,"column":8}},{"start":{"line":45,"column":8},"end":{"line":45,"column":8}}]}},"code":["/* istanbul instrument in package npmtest_partition_bundle */","/*jslint","    bitwise: true,","    browser: true,","    maxerr: 8,","    maxlen: 96,","    node: true,","    nomen: true,","    regexp: true,","    stupid: true","*/","(function () {","    'use strict';","    var local;","","","","    // run shared js-env code - pre-init","    (function () {","        // init local","        local = {};","        // init modeJs","        local.modeJs = (function () {","            try {","                return typeof navigator.userAgent === 'string' &&","                    typeof document.querySelector('body') === 'object' &&","                    typeof XMLHttpRequest.prototype.open === 'function' &&","                    'browser';","            } catch (errorCaughtBrowser) {","                return module.exports &&","                    typeof process.versions.node === 'string' &&","                    typeof require('http').createServer === 'function' &&","                    'node';","            }","        }());","        // init global","        local.global = local.modeJs === 'browser'","            ? window","            : global;","        // init utility2_rollup","        local = local.global.utility2_rollup || local;","        // init lib","        local.local = local.npmtest_partition_bundle = local;","        // init exports","        if (local.modeJs === 'browser') {","            local.global.utility2_npmtest_partition_bundle = local;","        } else {","            module.exports = local;","            module.exports.__dirname = __dirname;","            module.exports.module = module;","        }","    }());","}());",""],"l":{"12":2,"14":2,"19":2,"21":2,"23":2,"24":2,"25":2,"30":1,"37":2,"41":2,"43":2,"45":2,"46":1,"48":1,"49":1,"50":1}},"/home/travis/build/npmtest/node-npmtest-partition-bundle/example.js":{"path":"/home/travis/build/npmtest/node-npmtest-partition-bundle/example.js","s":{"1":2,"2":2,"3":2,"4":2,"5":2,"6":2,"7":2,"8":1,"9":2,"10":2,"11":2,"12":2,"13":1,"14":2,"15":2,"16":2,"17":2,"18":2,"19":0,"20":2,"21":1,"22":1,"23":1,"24":1,"25":1,"26":0,"27":0,"28":1,"29":1,"30":2,"31":0,"32":0,"33":0,"34":1,"35":2,"36":2,"37":3,"38":3,"39":3,"40":3,"41":0,"42":3,"43":3,"44":3,"45":1,"46":3,"47":1,"48":1,"49":1,"50":1,"51":1,"52":1,"53":1,"54":1,"55":1,"56":1,"57":0,"58":1,"59":6,"60":6,"61":1,"62":2,"63":0,"64":2,"65":1,"66":1,"67":0,"68":0,"69":0,"70":0,"71":0,"72":0,"73":0,"74":0,"75":0,"76":0,"77":0,"78":0,"79":0,"80":0,"81":0,"82":0,"83":0},"b":{"1":[2,1,1,1],"2":[1,1,1,1],"3":[1,1],"4":[2,2],"5":[1,1],"6":[1,1],"7":[2,0],"8":[2,1,1,1,1,1],"9":[0,2,0],"10":[1,1],"11":[2,1,1],"12":[1,0],"13":[0,2],"14":[2,0,0,0,0,0,0],"15":[0,3],"16":[3,0],"17":[1,1],"18":[0,1],"19":[1,2,0,2],"20":[1,0],"21":[1,1],"22":[0,0],"23":[0,0],"24":[0,0],"25":[0,0],"26":[0,0],"27":[0,0],"28":[0,0]},"f":{"1":2,"2":2,"3":2,"4":2,"5":2,"6":2,"7":3,"8":3,"9":3,"10":1,"11":6,"12":0},"fnMap":{"1":{"name":"(anonymous_1)","line":26,"loc":{"start":{"line":26,"column":1},"end":{"line":26,"column":13}}},"2":{"name":"(anonymous_2)","line":33,"loc":{"start":{"line":33,"column":5},"end":{"line":33,"column":17}}},"3":{"name":"(anonymous_3)","line":37,"loc":{"start":{"line":37,"column":24},"end":{"line":37,"column":36}}},"4":{"name":"(anonymous_4)","line":69,"loc":{"start":{"line":69,"column":31},"end":{"line":69,"column":48}},"skip":true},"5":{"name":"(anonymous_5)","line":78,"loc":{"start":{"line":78,"column":26},"end":{"line":78,"column":45}},"skip":true},"6":{"name":"(anonymous_6)","line":123,"loc":{"start":{"line":123,"column":33},"end":{"line":123,"column":48}},"skip":true},"7":{"name":"(anonymous_7)","line":125,"loc":{"start":{"line":125,"column":27},"end":{"line":125,"column":39}},"skip":true},"8":{"name":"(anonymous_8)","line":133,"loc":{"start":{"line":133,"column":59},"end":{"line":133,"column":74}},"skip":true},"9":{"name":"(anonymous_9)","line":143,"loc":{"start":{"line":143,"column":45},"end":{"line":143,"column":62}},"skip":true},"10":{"name":"(anonymous_10)","line":144,"loc":{"start":{"line":144,"column":73},"end":{"line":144,"column":92}},"skip":true},"11":{"name":"(anonymous_11)","line":272,"loc":{"start":{"line":272,"column":51},"end":{"line":272,"column":77}},"skip":true},"12":{"name":"(anonymous_12)","line":315,"loc":{"start":{"line":315,"column":32},"end":{"line":315,"column":61}},"skip":true}},"statementMap":{"1":{"start":{"line":26,"column":0},"end":{"line":326,"column":5}},"2":{"start":{"line":28,"column":4},"end":{"line":28,"column":14}},"3":{"start":{"line":33,"column":4},"end":{"line":60,"column":9}},"4":{"start":{"line":35,"column":8},"end":{"line":35,"column":19}},"5":{"start":{"line":37,"column":8},"end":{"line":49,"column":13}},"6":{"start":{"line":38,"column":12},"end":{"line":48,"column":13}},"7":{"start":{"line":39,"column":16},"end":{"line":42,"column":30}},"8":{"start":{"line":44,"column":16},"end":{"line":47,"column":27}},"9":{"start":{"line":51,"column":8},"end":{"line":53,"column":21}},"10":{"start":{"line":55,"column":8},"end":{"line":57,"column":45}},"11":{"start":{"line":59,"column":8},"end":{"line":59,"column":35}},"12":{"start":{"line":61,"column":4},"end":{"line":325,"column":5}},"13":{"start":{"line":69,"column":8},"end":{"line":121,"column":10},"skip":true},"14":{"start":{"line":70,"column":12},"end":{"line":88,"column":13},"skip":true},"15":{"start":{"line":76,"column":16},"end":{"line":87,"column":19},"skip":true},"16":{"start":{"line":79,"column":20},"end":{"line":86,"column":21},"skip":true},"17":{"start":{"line":82,"column":24},"end":{"line":82,"column":43},"skip":true},"18":{"start":{"line":83,"column":24},"end":{"line":83,"column":30},"skip":true},"19":{"start":{"line":85,"column":24},"end":{"line":85,"column":49},"skip":true},"20":{"start":{"line":89,"column":12},"end":{"line":107,"column":13},"skip":true},"21":{"start":{"line":92,"column":16},"end":{"line":102,"column":17},"skip":true},"22":{"start":{"line":93,"column":20},"end":{"line":93,"column":86},"skip":true},"23":{"start":{"line":94,"column":20},"end":{"line":95,"column":45},"skip":true},"24":{"start":{"line":96,"column":20},"end":{"line":96,"column":42},"skip":true},"25":{"start":{"line":97,"column":20},"end":{"line":97,"column":48},"skip":true},"26":{"start":{"line":100,"column":20},"end":{"line":100,"column":85},"skip":true},"27":{"start":{"line":101,"column":20},"end":{"line":101,"column":96},"skip":true},"28":{"start":{"line":103,"column":16},"end":{"line":103,"column":22},"skip":true},"29":{"start":{"line":106,"column":16},"end":{"line":106,"column":22},"skip":true},"30":{"start":{"line":108,"column":12},"end":{"line":120,"column":13},"skip":true},"31":{"start":{"line":114,"column":16},"end":{"line":119,"column":17},"skip":true},"32":{"start":{"line":116,"column":20},"end":{"line":116,"column":78},"skip":true},"33":{"start":{"line":118,"column":20},"end":{"line":118,"column":47},"skip":true},"34":{"start":{"line":123,"column":8},"end":{"line":141,"column":11},"skip":true},"35":{"start":{"line":124,"column":12},"end":{"line":124,"column":54},"skip":true},"36":{"start":{"line":125,"column":12},"end":{"line":140,"column":14},"skip":true},"37":{"start":{"line":126,"column":16},"end":{"line":126,"column":28},"skip":true},"38":{"start":{"line":127,"column":16},"end":{"line":127,"column":69},"skip":true},"39":{"start":{"line":128,"column":16},"end":{"line":128,"column":75},"skip":true},"40":{"start":{"line":129,"column":16},"end":{"line":131,"column":17},"skip":true},"41":{"start":{"line":130,"column":20},"end":{"line":130,"column":27},"skip":true},"42":{"start":{"line":133,"column":16},"end":{"line":137,"column":36},"skip":true},"43":{"start":{"line":134,"column":20},"end":{"line":136,"column":55},"skip":true},"44":{"start":{"line":139,"column":16},"end":{"line":139,"column":57},"skip":true},"45":{"start":{"line":143,"column":8},"end":{"line":147,"column":11},"skip":true},"46":{"start":{"line":144,"column":12},"end":{"line":146,"column":15},"skip":true},"47":{"start":{"line":145,"column":16},"end":{"line":145,"column":70},"skip":true},"48":{"start":{"line":149,"column":8},"end":{"line":149,"column":31},"skip":true},"49":{"start":{"line":150,"column":8},"end":{"line":150,"column":14},"skip":true},"50":{"start":{"line":158,"column":8},"end":{"line":158,"column":31},"skip":true},"51":{"start":{"line":160,"column":8},"end":{"line":160,"column":33},"skip":true},"52":{"start":{"line":161,"column":8},"end":{"line":161,"column":37},"skip":true},"53":{"start":{"line":162,"column":8},"end":{"line":162,"column":35},"skip":true},"54":{"start":{"line":164,"column":8},"end":{"line":164,"column":50},"skip":true},"55":{"start":{"line":166,"column":8},"end":{"line":256,"column":2},"skip":true},"56":{"start":{"line":258,"column":8},"end":{"line":286,"column":9},"skip":true},"57":{"start":{"line":259,"column":12},"end":{"line":269,"column":14},"skip":true},"58":{"start":{"line":271,"column":12},"end":{"line":285,"column":19},"skip":true},"59":{"start":{"line":274,"column":20},"end":{"line":274,"column":35},"skip":true},"60":{"start":{"line":275,"column":20},"end":{"line":284,"column":21},"skip":true},"61":{"start":{"line":277,"column":24},"end":{"line":277,"column":64},"skip":true},"62":{"start":{"line":279,"column":24},"end":{"line":279,"column":40},"skip":true},"63":{"start":{"line":281,"column":24},"end":{"line":281,"column":40},"skip":true},"64":{"start":{"line":283,"column":24},"end":{"line":283,"column":39},"skip":true},"65":{"start":{"line":288,"column":8},"end":{"line":290,"column":9},"skip":true},"66":{"start":{"line":289,"column":12},"end":{"line":289,"column":18},"skip":true},"67":{"start":{"line":291,"column":8},"end":{"line":293,"column":54},"skip":true},"68":{"start":{"line":296,"column":8},"end":{"line":301,"column":37},"skip":true},"69":{"start":{"line":303,"column":8},"end":{"line":303,"column":82},"skip":true},"70":{"start":{"line":306,"column":8},"end":{"line":308,"column":9},"skip":true},"71":{"start":{"line":307,"column":12},"end":{"line":307,"column":82},"skip":true},"72":{"start":{"line":310,"column":8},"end":{"line":312,"column":9},"skip":true},"73":{"start":{"line":311,"column":12},"end":{"line":311,"column":18},"skip":true},"74":{"start":{"line":313,"column":8},"end":{"line":313,"column":54},"skip":true},"75":{"start":{"line":314,"column":8},"end":{"line":314,"column":69},"skip":true},"76":{"start":{"line":315,"column":8},"end":{"line":323,"column":36},"skip":true},"77":{"start":{"line":316,"column":12},"end":{"line":316,"column":61},"skip":true},"78":{"start":{"line":317,"column":12},"end":{"line":320,"column":13},"skip":true},"79":{"start":{"line":318,"column":16},"end":{"line":318,"column":75},"skip":true},"80":{"start":{"line":319,"column":16},"end":{"line":319,"column":23},"skip":true},"81":{"start":{"line":321,"column":12},"end":{"line":321,"column":38},"skip":true},"82":{"start":{"line":322,"column":12},"end":{"line":322,"column":27},"skip":true},"83":{"start":{"line":324,"column":8},"end":{"line":324,"column":14},"skip":true}},"branchMap":{"1":{"line":39,"type":"binary-expr","locations":[{"start":{"line":39,"column":23},"end":{"line":39,"column":62}},{"start":{"line":40,"column":20},"end":{"line":40,"column":70}},{"start":{"line":41,"column":20},"end":{"line":41,"column":71}},{"start":{"line":42,"column":20},"end":{"line":42,"column":29}}]},"2":{"line":44,"type":"binary-expr","locations":[{"start":{"line":44,"column":23},"end":{"line":44,"column":37}},{"start":{"line":45,"column":20},"end":{"line":45,"column":61}},{"start":{"line":46,"column":20},"end":{"line":46,"column":70}},{"start":{"line":47,"column":20},"end":{"line":47,"column":26}}]},"3":{"line":51,"type":"cond-expr","locations":[{"start":{"line":52,"column":14},"end":{"line":52,"column":20}},{"start":{"line":53,"column":14},"end":{"line":53,"column":20}}]},"4":{"line":55,"type":"binary-expr","locations":[{"start":{"line":55,"column":16},"end":{"line":55,"column":44}},{"start":{"line":55,"column":49},"end":{"line":57,"column":43}}]},"5":{"line":55,"type":"cond-expr","locations":[{"start":{"line":56,"column":14},"end":{"line":56,"column":60}},{"start":{"line":57,"column":14},"end":{"line":57,"column":43}}]},"6":{"line":61,"type":"switch","locations":[{"start":{"line":68,"column":4},"end":{"line":150,"column":14},"skip":true},{"start":{"line":156,"column":4},"end":{"line":324,"column":14},"skip":true}]},"7":{"line":70,"type":"if","locations":[{"start":{"line":70,"column":12},"end":{"line":70,"column":12},"skip":true},{"start":{"line":70,"column":12},"end":{"line":70,"column":12},"skip":true}]},"8":{"line":70,"type":"binary-expr","locations":[{"start":{"line":70,"column":16},"end":{"line":70,"column":22},"skip":true},{"start":{"line":70,"column":27},"end":{"line":70,"column":32},"skip":true},{"start":{"line":71,"column":20},"end":{"line":71,"column":39},"skip":true},{"start":{"line":72,"column":20},"end":{"line":72,"column":49},"skip":true},{"start":{"line":73,"column":20},"end":{"line":73,"column":58},"skip":true},{"start":{"line":74,"column":20},"end":{"line":74,"column":69},"skip":true}]},"9":{"line":79,"type":"switch","locations":[{"start":{"line":80,"column":20},"end":{"line":80,"column":33},"skip":true},{"start":{"line":81,"column":20},"end":{"line":83,"column":30},"skip":true},{"start":{"line":84,"column":20},"end":{"line":85,"column":49},"skip":true}]},"10":{"line":89,"type":"switch","locations":[{"start":{"line":90,"column":12},"end":{"line":103,"column":22},"skip":true},{"start":{"line":105,"column":12},"end":{"line":106,"column":22},"skip":true}]},"11":{"line":89,"type":"binary-expr","locations":[{"start":{"line":89,"column":20},"end":{"line":89,"column":25},"skip":true},{"start":{"line":89,"column":29},"end":{"line":89,"column":48},"skip":true},{"start":{"line":89,"column":52},"end":{"line":89,"column":74},"skip":true}]},"12":{"line":92,"type":"if","locations":[{"start":{"line":92,"column":16},"end":{"line":92,"column":16},"skip":true},{"start":{"line":92,"column":16},"end":{"line":92,"column":16},"skip":true}]},"13":{"line":108,"type":"if","locations":[{"start":{"line":108,"column":12},"end":{"line":108,"column":12},"skip":true},{"start":{"line":108,"column":12},"end":{"line":108,"column":12},"skip":true}]},"14":{"line":108,"type":"binary-expr","locations":[{"start":{"line":108,"column":16},"end":{"line":108,"column":61},"skip":true},{"start":{"line":108,"column":66},"end":{"line":108,"column":72},"skip":true},{"start":{"line":108,"column":77},"end":{"line":108,"column":82},"skip":true},{"start":{"line":109,"column":20},"end":{"line":109,"column":39},"skip":true},{"start":{"line":110,"column":20},"end":{"line":110,"column":49},"skip":true},{"start":{"line":111,"column":20},"end":{"line":111,"column":58},"skip":true},{"start":{"line":112,"column":20},"end":{"line":112,"column":68},"skip":true}]},"15":{"line":129,"type":"if","locations":[{"start":{"line":129,"column":16},"end":{"line":129,"column":16},"skip":true},{"start":{"line":129,"column":16},"end":{"line":129,"column":16},"skip":true}]},"16":{"line":134,"type":"cond-expr","locations":[{"start":{"line":135,"column":26},"end":{"line":135,"column":29},"skip":true},{"start":{"line":136,"column":26},"end":{"line":136,"column":54},"skip":true}]},"17":{"line":164,"type":"binary-expr","locations":[{"start":{"line":164,"column":27},"end":{"line":164,"column":43},"skip":true},{"start":{"line":164,"column":47},"end":{"line":164,"column":49},"skip":true}]},"18":{"line":258,"type":"if","locations":[{"start":{"line":258,"column":8},"end":{"line":258,"column":8},"skip":true},{"start":{"line":258,"column":8},"end":{"line":258,"column":8},"skip":true}]},"19":{"line":275,"type":"switch","locations":[{"start":{"line":276,"column":20},"end":{"line":277,"column":64},"skip":true},{"start":{"line":278,"column":20},"end":{"line":279,"column":40},"skip":true},{"start":{"line":280,"column":20},"end":{"line":281,"column":40},"skip":true},{"start":{"line":282,"column":20},"end":{"line":283,"column":39},"skip":true}]},"20":{"line":288,"type":"if","locations":[{"start":{"line":288,"column":8},"end":{"line":288,"column":8},"skip":true},{"start":{"line":288,"column":8},"end":{"line":288,"column":8},"skip":true}]},"21":{"line":288,"type":"binary-expr","locations":[{"start":{"line":288,"column":12},"end":{"line":288,"column":40},"skip":true},{"start":{"line":288,"column":44},"end":{"line":288,"column":67},"skip":true}]},"22":{"line":292,"type":"binary-expr","locations":[{"start":{"line":292,"column":12},"end":{"line":292,"column":50},"skip":true},{"start":{"line":293,"column":12},"end":{"line":293,"column":53},"skip":true}]},"23":{"line":297,"type":"binary-expr","locations":[{"start":{"line":297,"column":12},"end":{"line":297,"column":74},"skip":true},{"start":{"line":298,"column":12},"end":{"line":301,"column":36},"skip":true}]},"24":{"line":303,"type":"binary-expr","locations":[{"start":{"line":303,"column":43},"end":{"line":303,"column":75},"skip":true},{"start":{"line":303,"column":79},"end":{"line":303,"column":81},"skip":true}]},"25":{"line":306,"type":"if","locations":[{"start":{"line":306,"column":8},"end":{"line":306,"column":8},"skip":true},{"start":{"line":306,"column":8},"end":{"line":306,"column":8},"skip":true}]},"26":{"line":310,"type":"if","locations":[{"start":{"line":310,"column":8},"end":{"line":310,"column":8},"skip":true},{"start":{"line":310,"column":8},"end":{"line":310,"column":8},"skip":true}]},"27":{"line":313,"type":"binary-expr","locations":[{"start":{"line":313,"column":27},"end":{"line":313,"column":43},"skip":true},{"start":{"line":313,"column":47},"end":{"line":313,"column":53},"skip":true}]},"28":{"line":317,"type":"if","locations":[{"start":{"line":317,"column":12},"end":{"line":317,"column":12},"skip":true},{"start":{"line":317,"column":12},"end":{"line":317,"column":12},"skip":true}]}},"code":["/*","example.js","","quickstart example","","instruction","    1. save this script as example.js","    2. run the shell command:","        $ npm install npmtest-partition-bundle && PORT=8081 node example.js","    3. play with the browser-demo on http://127.0.0.1:8081","*/","","","","/* istanbul instrument in package npmtest_partition_bundle */","/*jslint","    bitwise: true,","    browser: true,","    maxerr: 8,","    maxlen: 96,","    node: true,","    nomen: true,","    regexp: true,","    stupid: true","*/","(function () {","    'use strict';","    var local;","","","","    // run shared js-env code - pre-init","    (function () {","        // init local","        local = {};","        // init modeJs","        local.modeJs = (function () {","            try {","                return typeof navigator.userAgent === 'string' &&","                    typeof document.querySelector('body') === 'object' &&","                    typeof XMLHttpRequest.prototype.open === 'function' &&","                    'browser';","            } catch (errorCaughtBrowser) {","                return module.exports &&","                    typeof process.versions.node === 'string' &&","                    typeof require('http').createServer === 'function' &&","                    'node';","            }","        }());","        // init global","        local.global = local.modeJs === 'browser'","            ? window","            : global;","        // init utility2_rollup","        local = local.global.utility2_rollup || (local.modeJs === 'browser'","            ? local.global.utility2_npmtest_partition_bundle","            : global.utility2_moduleExports);","        // export local","        local.global.local = local;","    }());","    switch (local.modeJs) {","","","","    // post-init","    // run browser js-env code - post-init","    /* istanbul ignore next */","    case 'browser':","        local.testRunBrowser = function (event) {","            if (!event || (event &&","                    event.currentTarget &&","                    event.currentTarget.className &&","                    event.currentTarget.className.includes &&","                    event.currentTarget.className.includes('onreset'))) {","                // reset output","                Array.from(","                    document.querySelectorAll('body > .resettable')","                ).forEach(function (element) {","                    switch (element.tagName) {","                    case 'INPUT':","                    case 'TEXTAREA':","                        element.value = '';","                        break;","                    default:","                        element.textContent = '';","                    }","                });","            }","            switch (event && event.currentTarget && event.currentTarget.id) {","            case 'testRunButton1':","                // show tests","                if (document.querySelector('#testReportDiv1').style.display === 'none') {","                    document.querySelector('#testReportDiv1').style.display = 'block';","                    document.querySelector('#testRunButton1').textContent =","                        'hide internal test';","                    local.modeTest = true;","                    local.testRunDefault(local);","                // hide tests","                } else {","                    document.querySelector('#testReportDiv1').style.display = 'none';","                    document.querySelector('#testRunButton1').textContent = 'run internal test';","                }","                break;","            // custom-case","            default:","                break;","            }","            if (document.querySelector('#inputTextareaEval1') && (!event || (event &&","                    event.currentTarget &&","                    event.currentTarget.className &&","                    event.currentTarget.className.includes &&","                    event.currentTarget.className.includes('oneval')))) {","                // try to eval input-code","                try {","                    /*jslint evil: true*/","                    eval(document.querySelector('#inputTextareaEval1').value);","                } catch (errorCaught) {","                    console.error(errorCaught);","                }","            }","        };","        // log stderr and stdout to #outputTextareaStdout1","        ['error', 'log'].forEach(function (key) {","            console[key + '_original'] = console[key];","            console[key] = function () {","                var element;","                console[key + '_original'].apply(console, arguments);","                element = document.querySelector('#outputTextareaStdout1');","                if (!element) {","                    return;","                }","                // append text to #outputTextareaStdout1","                element.value += Array.from(arguments).map(function (arg) {","                    return typeof arg === 'string'","                        ? arg","                        : JSON.stringify(arg, null, 4);","                }).join(' ') + '\\n';","                // scroll textarea to bottom","                element.scrollTop = element.scrollHeight;","            };","        });","        // init event-handling","        ['change', 'click', 'keyup'].forEach(function (event) {","            Array.from(document.querySelectorAll('.on' + event)).forEach(function (element) {","                element.addEventListener(event, local.testRunBrowser);","            });","        });","        // run tests","        local.testRunBrowser();","        break;","","","","    // run node js-env code - post-init","    /* istanbul ignore next */","    case 'node':","        // export local","        module.exports = local;","        // require modules","        local.fs = require('fs');","        local.http = require('http');","        local.url = require('url');","        // init assets","        local.assetsDict = local.assetsDict || {};","        /* jslint-ignore-begin */","        local.assetsDict['/assets.index.template.html'] = '\\","<!doctype html>\\n\\","<html lang=\"en\">\\n\\","<head>\\n\\","<meta charset=\"UTF-8\">\\n\\","<meta name=\"viewport\" content=\"width=device-width, initial-scale=1\">\\n\\","<title>{{env.npm_package_name}} (v{{env.npm_package_version}})</title>\\n\\","<style>\\n\\","/*csslint\\n\\","    box-sizing: false,\\n\\","    universal-selector: false\\n\\","*/\\n\\","* {\\n\\","    box-sizing: border-box;\\n\\","}\\n\\","body {\\n\\","    background: #dde;\\n\\","    font-family: Arial, Helvetica, sans-serif;\\n\\","    margin: 2rem;\\n\\","}\\n\\","body > * {\\n\\","    margin-bottom: 1rem;\\n\\","}\\n\\",".utility2FooterDiv {\\n\\","    margin-top: 20px;\\n\\","    text-align: center;\\n\\","}\\n\\","</style>\\n\\","<style>\\n\\","/*csslint\\n\\","*/\\n\\","textarea {\\n\\","    font-family: monospace;\\n\\","    height: 10rem;\\n\\","    width: 100%;\\n\\","}\\n\\","textarea[readonly] {\\n\\","    background: #ddd;\\n\\","}\\n\\","</style>\\n\\","</head>\\n\\","<body>\\n\\","<!-- utility2-comment\\n\\","<div id=\"ajaxProgressDiv1\" style=\"background: #d00; height: 2px; left: 0; margin: 0; padding: 0; position: fixed; top: 0; transition: background 0.5s, width 1.5s; width: 25%;\"></div>\\n\\","utility2-comment -->\\n\\","<h1>\\n\\","<!-- utility2-comment\\n\\","    <a\\n\\","        {{#if env.npm_package_homepage}}\\n\\","        href=\"{{env.npm_package_homepage}}\"\\n\\","        {{/if env.npm_package_homepage}}\\n\\","        target=\"_blank\"\\n\\","    >\\n\\","utility2-comment -->\\n\\","        {{env.npm_package_name}} (v{{env.npm_package_version}})\\n\\","<!-- utility2-comment\\n\\","    </a>\\n\\","utility2-comment -->\\n\\","</h1>\\n\\","<h3>{{env.npm_package_description}}</h3>\\n\\","<!-- utility2-comment\\n\\","<h4><a download href=\"assets.app.js\">download standalone app</a></h4>\\n\\","<button class=\"onclick onreset\" id=\"testRunButton1\">run internal test</button><br>\\n\\","<div id=\"testReportDiv1\" style=\"display: none;\"></div>\\n\\","utility2-comment -->\\n\\","\\n\\","\\n\\","\\n\\","<label>stderr and stdout</label>\\n\\","<textarea class=\"resettable\" id=\"outputTextareaStdout1\" readonly></textarea>\\n\\","<!-- utility2-comment\\n\\","{{#if isRollup}}\\n\\","<script src=\"assets.app.js\"></script>\\n\\","{{#unless isRollup}}\\n\\","utility2-comment -->\\n\\","<script src=\"assets.utility2.rollup.js\"></script>\\n\\","<script src=\"jsonp.utility2._stateInit?callback=window.utility2._stateInit\"></script>\\n\\","<script src=\"assets.npmtest_partition_bundle.rollup.js\"></script>\\n\\","<script src=\"assets.example.js\"></script>\\n\\","<script src=\"assets.test.js\"></script>\\n\\","<!-- utility2-comment\\n\\","{{/if isRollup}}\\n\\","utility2-comment -->\\n\\","<div class=\"utility2FooterDiv\">\\n\\","    [ this app was created with\\n\\","    <a href=\"https://github.com/kaizhu256/node-utility2\" target=\"_blank\">utility2</a>\\n\\","    ]\\n\\","</div>\\n\\","</body>\\n\\","</html>\\n\\","';","        /* jslint-ignore-end */","        if (local.templateRender) {","            local.assetsDict['/'] = local.templateRender(","                local.assetsDict['/assets.index.template.html'],","                {","                    env: local.objectSetDefault(local.env, {","                        npm_package_description: 'the greatest app in the world!',","                        npm_package_name: 'my-app',","                        npm_package_nameAlias: 'my_app',","                        npm_package_version: '0.0.1'","                    })","                }","            );","        } else {","            local.assetsDict['/'] = local.assetsDict['/assets.index.template.html']","                .replace((/\\{\\{env\\.(\\w+?)\\}\\}/g), function (match0, match1) {","                    // jslint-hack","                    String(match0);","                    switch (match1) {","                    case 'npm_package_description':","                        return 'the greatest app in the world!';","                    case 'npm_package_name':","                        return 'my-app';","                    case 'npm_package_nameAlias':","                        return 'my_app';","                    case 'npm_package_version':","                        return '0.0.1';","                    }","                });","        }","        // run the cli","        if (local.global.utility2_rollup || module !== require.main) {","            break;","        }","        local.assetsDict['/assets.example.js'] =","            local.assetsDict['/assets.example.js'] ||","            local.fs.readFileSync(__filename, 'utf8');","        // bug-workaround - long $npm_package_buildCustomOrg","        /* jslint-ignore-begin */","        local.assetsDict['/assets.npmtest_partition_bundle.rollup.js'] =","            local.assetsDict['/assets.npmtest_partition_bundle.rollup.js'] ||","            local.fs.readFileSync(","                local.npmtest_partition_bundle.__dirname + '/lib.npmtest_partition_bundle.js',","                'utf8'","            ).replace((/^#!/), '//');","        /* jslint-ignore-end */","        local.assetsDict['/favicon.ico'] = local.assetsDict['/favicon.ico'] || '';","        // if $npm_config_timeout_exit exists,","        // then exit this process after $npm_config_timeout_exit ms","        if (Number(process.env.npm_config_timeout_exit)) {","            setTimeout(process.exit, Number(process.env.npm_config_timeout_exit));","        }","        // start server","        if (local.global.utility2_serverHttp1) {","            break;","        }","        process.env.PORT = process.env.PORT || '8081';","        console.error('server starting on port ' + process.env.PORT);","        local.http.createServer(function (request, response) {","            request.urlParsed = local.url.parse(request.url);","            if (local.assetsDict[request.urlParsed.pathname] !== undefined) {","                response.end(local.assetsDict[request.urlParsed.pathname]);","                return;","            }","            response.statusCode = 404;","            response.end();","        }).listen(process.env.PORT);","        break;","    }","}());",""],"l":{"26":2,"28":2,"33":2,"35":2,"37":2,"38":2,"39":2,"44":1,"51":2,"55":2,"59":2,"61":2,"69":1,"70":2,"76":2,"79":2,"82":2,"83":2,"85":1,"89":2,"92":1,"93":1,"94":1,"96":1,"97":1,"100":1,"101":1,"103":1,"106":1,"108":2,"114":1,"116":1,"118":1,"123":1,"124":2,"125":2,"126":3,"127":3,"128":3,"129":3,"130":1,"133":3,"134":3,"139":3,"143":1,"144":3,"145":1,"149":1,"150":1,"158":1,"160":1,"161":1,"162":1,"164":1,"166":1,"258":1,"259":1,"271":1,"274":6,"275":6,"277":1,"279":2,"281":1,"283":2,"288":1,"289":1,"291":1,"296":1,"303":1,"306":1,"307":1,"310":1,"311":1,"313":1,"314":1,"315":1,"316":1,"317":1,"318":1,"319":1,"321":1,"322":1,"324":1}},"/home/travis/build/npmtest/node-npmtest-partition-bundle/node_modules/partition-bundle/index.js":{"path":"/home/travis/build/npmtest/node-npmtest-partition-bundle/node_modules/partition-bundle/index.js","s":{"1":1,"2":1,"3":1,"4":1,"5":1,"6":1,"7":1,"8":1,"9":1,"10":1,"11":1,"12":1,"13":1,"14":1,"15":1,"16":0,"17":0,"18":0,"19":0,"20":0,"21":0,"22":0,"23":0,"24":0,"25":0,"26":0,"27":0,"28":0,"29":0,"30":1,"31":0,"32":0,"33":0,"34":0,"35":1,"36":0,"37":0,"38":0,"39":0,"40":0,"41":0,"42":0,"43":0,"44":0,"45":0,"46":0,"47":0,"48":0,"49":0,"50":0,"51":0,"52":0,"53":0,"54":0,"55":0,"56":0,"57":0,"58":0,"59":0,"60":0,"61":0,"62":0,"63":0,"64":0,"65":1,"66":0,"67":0,"68":0,"69":0,"70":0,"71":0,"72":0,"73":0,"74":0,"75":0,"76":0,"77":0,"78":0,"79":0,"80":0,"81":0,"82":0,"83":0,"84":0,"85":1,"86":0,"87":0,"88":0,"89":0,"90":0,"91":1,"92":0,"93":1,"94":0,"95":0,"96":0,"97":0,"98":0,"99":0,"100":0,"101":0,"102":0,"103":0,"104":0,"105":0,"106":0,"107":0,"108":1,"109":0,"110":0,"111":0,"112":0,"113":0,"114":1,"115":0,"116":0,"117":1,"118":0,"119":0,"120":0,"121":0,"122":0,"123":0,"124":0,"125":0,"126":0,"127":0,"128":0,"129":0,"130":0,"131":1,"132":0,"133":0,"134":1,"135":0,"136":1,"137":0,"138":0,"139":0,"140":0,"141":0,"142":0,"143":0,"144":1,"145":0,"146":0,"147":0,"148":0,"149":0,"150":0,"151":0,"152":0,"153":0,"154":0,"155":0,"156":0,"157":0,"158":0,"159":0,"160":0,"161":0,"162":0,"163":0,"164":0,"165":0,"166":0,"167":0,"168":0,"169":0,"170":1,"171":0,"172":0,"173":0,"174":0,"175":0,"176":0,"177":1,"178":0,"179":0,"180":0,"181":0,"182":0,"183":0,"184":0,"185":0,"186":0,"187":0},"b":{"1":[0,0],"2":[0,0],"3":[0,0],"4":[0,0],"5":[0,0],"6":[0,0],"7":[0,0],"8":[0,0],"9":[0,0],"10":[0,0,0,0,0],"11":[0,0],"12":[0,0,0],"13":[0,0],"14":[0,0],"15":[0,0],"16":[0,0],"17":[0,0],"18":[0,0],"19":[0,0],"20":[0,0],"21":[0,0],"22":[0,0],"23":[0,0],"24":[0,0],"25":[0,0],"26":[0,0],"27":[0,0],"28":[0,0],"29":[0,0],"30":[0,0],"31":[0,0],"32":[0,0],"33":[0,0],"34":[0,0],"35":[0,0],"36":[0,0],"37":[0,0],"38":[0,0],"39":[0,0],"40":[0,0],"41":[0,0],"42":[0,0]},"f":{"1":0,"2":0,"3":0,"4":0,"5":0,"6":0,"7":0,"8":0,"9":0,"10":0,"11":0,"12":0,"13":0,"14":0,"15":0,"16":0,"17":0,"18":0,"19":0,"20":0,"21":0,"22":0,"23":0,"24":0,"25":0,"26":0,"27":0,"28":0,"29":0,"30":0,"31":0,"32":0,"33":0,"34":0,"35":0,"36":0,"37":0,"38":0},"fnMap":{"1":{"name":"partitionBundle","line":20,"loc":{"start":{"line":20,"column":0},"end":{"line":20,"column":34}}},"2":{"name":"(anonymous_2)","line":31,"loc":{"start":{"line":31,"column":19},"end":{"line":31,"column":43}}},"3":{"name":"(anonymous_3)","line":32,"loc":{"start":{"line":32,"column":20},"end":{"line":32,"column":37}}},"4":{"name":"(anonymous_4)","line":49,"loc":{"start":{"line":49,"column":16},"end":{"line":49,"column":27}}},"5":{"name":"installBundlePipeline","line":58,"loc":{"start":{"line":58,"column":0},"end":{"line":58,"column":47}}},"6":{"name":"createStream","line":68,"loc":{"start":{"line":68,"column":2},"end":{"line":68,"column":54}}},"7":{"name":"(anonymous_7)","line":92,"loc":{"start":{"line":92,"column":20},"end":{"line":92,"column":31}}},"8":{"name":"(anonymous_8)","line":105,"loc":{"start":{"line":105,"column":24},"end":{"line":105,"column":49}}},"9":{"name":"(anonymous_9)","line":114,"loc":{"start":{"line":114,"column":5},"end":{"line":114,"column":16}}},"10":{"name":"(anonymous_10)","line":116,"loc":{"start":{"line":116,"column":30},"end":{"line":116,"column":45}}},"11":{"name":"(anonymous_11)","line":124,"loc":{"start":{"line":124,"column":17},"end":{"line":124,"column":31}}},"12":{"name":"normalizeOptions","line":140,"loc":{"start":{"line":140,"column":0},"end":{"line":140,"column":35}}},"13":{"name":"relativeID","line":168,"loc":{"start":{"line":168,"column":0},"end":{"line":168,"column":29}}},"14":{"name":"ensureJSFileName","line":175,"loc":{"start":{"line":175,"column":0},"end":{"line":175,"column":36}}},"15":{"name":"renameIDLabels","line":179,"loc":{"start":{"line":179,"column":0},"end":{"line":179,"column":29}}},"16":{"name":"(anonymous_16)","line":181,"loc":{"start":{"line":181,"column":21},"end":{"line":181,"column":46}}},"17":{"name":"(anonymous_17)","line":188,"loc":{"start":{"line":188,"column":21},"end":{"line":188,"column":40}}},"18":{"name":"(anonymous_18)","line":195,"loc":{"start":{"line":195,"column":5},"end":{"line":195,"column":16}}},"19":{"name":"(anonymous_19)","line":196,"loc":{"start":{"line":196,"column":16},"end":{"line":196,"column":30}}},"20":{"name":"createFileMap","line":203,"loc":{"start":{"line":203,"column":0},"end":{"line":203,"column":46}}},"21":{"name":"(anonymous_21)","line":207,"loc":{"start":{"line":207,"column":18},"end":{"line":207,"column":36}}},"22":{"name":"push","line":212,"loc":{"start":{"line":212,"column":2},"end":{"line":212,"column":26}}},"23":{"name":"search","line":218,"loc":{"start":{"line":218,"column":2},"end":{"line":218,"column":43}}},"24":{"name":"(anonymous_24)","line":219,"loc":{"start":{"line":219,"column":17},"end":{"line":219,"column":31}}},"25":{"name":"(anonymous_25)","line":230,"loc":{"start":{"line":230,"column":18},"end":{"line":230,"column":32}}},"26":{"name":"newlinesIn","line":239,"loc":{"start":{"line":239,"column":0},"end":{"line":239,"column":25}}},"27":{"name":"(anonymous_27)","line":240,"loc":{"start":{"line":240,"column":22},"end":{"line":240,"column":47}}},"28":{"name":"wrapModule","line":245,"loc":{"start":{"line":245,"column":0},"end":{"line":245,"column":31}}},"29":{"name":"wrap","line":259,"loc":{"start":{"line":259,"column":0},"end":{"line":259,"column":20}}},"30":{"name":"write","line":270,"loc":{"start":{"line":270,"column":2},"end":{"line":270,"column":33}}},"31":{"name":"(anonymous_31)","line":303,"loc":{"start":{"line":303,"column":40},"end":{"line":303,"column":55}}},"32":{"name":"(anonymous_32)","line":318,"loc":{"start":{"line":318,"column":67},"end":{"line":318,"column":82}}},"33":{"name":"end","line":334,"loc":{"start":{"line":334,"column":2},"end":{"line":334,"column":17}}},"34":{"name":"writeStreams","line":348,"loc":{"start":{"line":348,"column":0},"end":{"line":348,"column":31}}},"35":{"name":"(anonymous_35)","line":350,"loc":{"start":{"line":350,"column":22},"end":{"line":350,"column":47}}},"36":{"name":"(anonymous_36)","line":353,"loc":{"start":{"line":353,"column":5},"end":{"line":353,"column":16}}},"37":{"name":"(anonymous_37)","line":354,"loc":{"start":{"line":354,"column":20},"end":{"line":354,"column":43}}},"38":{"name":"(anonymous_38)","line":356,"loc":{"start":{"line":356,"column":26},"end":{"line":356,"column":37}}}},"statementMap":{"1":{"start":{"line":3,"column":0},"end":{"line":3,"column":34}},"2":{"start":{"line":4,"column":0},"end":{"line":4,"column":32}},"3":{"start":{"line":5,"column":0},"end":{"line":5,"column":53}},"4":{"start":{"line":6,"column":0},"end":{"line":6,"column":31}},"5":{"start":{"line":7,"column":0},"end":{"line":7,"column":27}},"6":{"start":{"line":8,"column":0},"end":{"line":8,"column":23}},"7":{"start":{"line":9,"column":0},"end":{"line":9,"column":42}},"8":{"start":{"line":10,"column":0},"end":{"line":10,"column":33}},"9":{"start":{"line":11,"column":0},"end":{"line":11,"column":37}},"10":{"start":{"line":12,"column":0},"end":{"line":12,"column":37}},"11":{"start":{"line":13,"column":0},"end":{"line":13,"column":43}},"12":{"start":{"line":15,"column":0},"end":{"line":15,"column":72}},"13":{"start":{"line":16,"column":0},"end":{"line":16,"column":57}},"14":{"start":{"line":18,"column":0},"end":{"line":18,"column":33}},"15":{"start":{"line":20,"column":0},"end":{"line":56,"column":1}},"16":{"start":{"line":22,"column":2},"end":{"line":22,"column":35}},"17":{"start":{"line":23,"column":2},"end":{"line":23,"column":46}},"18":{"start":{"line":25,"column":2},"end":{"line":28,"column":4}},"19":{"start":{"line":31,"column":2},"end":{"line":45,"column":5}},"20":{"start":{"line":32,"column":4},"end":{"line":44,"column":7}},"21":{"start":{"line":33,"column":6},"end":{"line":38,"column":7}},"22":{"start":{"line":34,"column":8},"end":{"line":37,"column":10}},"23":{"start":{"line":40,"column":6},"end":{"line":40,"column":49}},"24":{"start":{"line":41,"column":6},"end":{"line":41,"column":37}},"25":{"start":{"line":42,"column":6},"end":{"line":42,"column":22}},"26":{"start":{"line":43,"column":6},"end":{"line":43,"column":35}},"27":{"start":{"line":49,"column":2},"end":{"line":51,"column":5}},"28":{"start":{"line":50,"column":4},"end":{"line":50,"column":44}},"29":{"start":{"line":54,"column":2},"end":{"line":54,"column":42}},"30":{"start":{"line":58,"column":0},"end":{"line":138,"column":1}},"31":{"start":{"line":60,"column":2},"end":{"line":60,"column":21}},"32":{"start":{"line":62,"column":2},"end":{"line":62,"column":41}},"33":{"start":{"line":63,"column":2},"end":{"line":63,"column":21}},"34":{"start":{"line":66,"column":2},"end":{"line":66,"column":19}},"35":{"start":{"line":68,"column":2},"end":{"line":98,"column":3}},"36":{"start":{"line":70,"column":4},"end":{"line":70,"column":31}},"37":{"start":{"line":71,"column":4},"end":{"line":71,"column":50}},"38":{"start":{"line":72,"column":4},"end":{"line":72,"column":39}},"39":{"start":{"line":73,"column":4},"end":{"line":73,"column":24}},"40":{"start":{"line":75,"column":4},"end":{"line":75,"column":43}},"41":{"start":{"line":77,"column":4},"end":{"line":88,"column":16}},"42":{"start":{"line":92,"column":4},"end":{"line":94,"column":7}},"43":{"start":{"line":93,"column":6},"end":{"line":93,"column":28}},"44":{"start":{"line":96,"column":4},"end":{"line":96,"column":27}},"45":{"start":{"line":97,"column":4},"end":{"line":97,"column":18}},"46":{"start":{"line":100,"column":2},"end":{"line":100,"column":70}},"47":{"start":{"line":101,"column":2},"end":{"line":101,"column":34}},"48":{"start":{"line":104,"column":2},"end":{"line":104,"column":16}},"49":{"start":{"line":105,"column":2},"end":{"line":128,"column":6}},"50":{"start":{"line":106,"column":4},"end":{"line":106,"column":31}},"51":{"start":{"line":109,"column":4},"end":{"line":111,"column":5}},"52":{"start":{"line":110,"column":6},"end":{"line":110,"column":43}},"53":{"start":{"line":112,"column":4},"end":{"line":112,"column":19}},"54":{"start":{"line":113,"column":4},"end":{"line":113,"column":11}},"55":{"start":{"line":115,"column":4},"end":{"line":115,"column":46}},"56":{"start":{"line":116,"column":4},"end":{"line":122,"column":7}},"57":{"start":{"line":117,"column":6},"end":{"line":121,"column":8}},"58":{"start":{"line":124,"column":4},"end":{"line":126,"column":13}},"59":{"start":{"line":125,"column":6},"end":{"line":125,"column":21}},"60":{"start":{"line":127,"column":4},"end":{"line":127,"column":20}},"61":{"start":{"line":131,"column":2},"end":{"line":131,"column":36}},"62":{"start":{"line":132,"column":2},"end":{"line":132,"column":52}},"63":{"start":{"line":135,"column":2},"end":{"line":135,"column":34}},"64":{"start":{"line":136,"column":2},"end":{"line":136,"column":43}},"65":{"start":{"line":140,"column":0},"end":{"line":166,"column":1}},"66":{"start":{"line":141,"column":2},"end":{"line":141,"column":23}},"67":{"start":{"line":141,"column":13},"end":{"line":141,"column":23}},"68":{"start":{"line":142,"column":2},"end":{"line":142,"column":31}},"69":{"start":{"line":142,"column":17},"end":{"line":142,"column":31}},"70":{"start":{"line":143,"column":2},"end":{"line":145,"column":3}},"71":{"start":{"line":144,"column":4},"end":{"line":144,"column":20}},"72":{"start":{"line":147,"column":2},"end":{"line":147,"column":25}},"73":{"start":{"line":148,"column":2},"end":{"line":148,"column":47}},"74":{"start":{"line":149,"column":2},"end":{"line":151,"column":3}},"75":{"start":{"line":150,"column":4},"end":{"line":150,"column":52}},"76":{"start":{"line":152,"column":2},"end":{"line":154,"column":3}},"77":{"start":{"line":153,"column":4},"end":{"line":153,"column":18}},"78":{"start":{"line":156,"column":2},"end":{"line":156,"column":110}},"79":{"start":{"line":157,"column":2},"end":{"line":157,"column":31}},"80":{"start":{"line":158,"column":2},"end":{"line":158,"column":75}},"81":{"start":{"line":159,"column":2},"end":{"line":159,"column":50}},"82":{"start":{"line":161,"column":2},"end":{"line":163,"column":3}},"83":{"start":{"line":162,"column":4},"end":{"line":162,"column":28}},"84":{"start":{"line":165,"column":2},"end":{"line":165,"column":14}},"85":{"start":{"line":168,"column":0},"end":{"line":173,"column":1}},"86":{"start":{"line":169,"column":2},"end":{"line":169,"column":51}},"87":{"start":{"line":170,"column":2},"end":{"line":170,"column":54}},"88":{"start":{"line":171,"column":2},"end":{"line":171,"column":41}},"89":{"start":{"line":171,"column":22},"end":{"line":171,"column":41}},"90":{"start":{"line":172,"column":2},"end":{"line":172,"column":66}},"91":{"start":{"line":175,"column":0},"end":{"line":177,"column":1}},"92":{"start":{"line":176,"column":2},"end":{"line":176,"column":67}},"93":{"start":{"line":179,"column":0},"end":{"line":201,"column":1}},"94":{"start":{"line":180,"column":2},"end":{"line":180,"column":15}},"95":{"start":{"line":181,"column":2},"end":{"line":200,"column":5}},"96":{"start":{"line":182,"column":4},"end":{"line":184,"column":5}},"97":{"start":{"line":183,"column":6},"end":{"line":183,"column":27}},"98":{"start":{"line":185,"column":4},"end":{"line":187,"column":5}},"99":{"start":{"line":186,"column":6},"end":{"line":186,"column":35}},"100":{"start":{"line":188,"column":4},"end":{"line":192,"column":7}},"101":{"start":{"line":189,"column":6},"end":{"line":191,"column":7}},"102":{"start":{"line":190,"column":8},"end":{"line":190,"column":33}},"103":{"start":{"line":193,"column":4},"end":{"line":193,"column":18}},"104":{"start":{"line":194,"column":4},"end":{"line":194,"column":11}},"105":{"start":{"line":196,"column":4},"end":{"line":198,"column":13}},"106":{"start":{"line":197,"column":6},"end":{"line":197,"column":21}},"107":{"start":{"line":199,"column":4},"end":{"line":199,"column":20}},"108":{"start":{"line":203,"column":0},"end":{"line":237,"column":1}},"109":{"start":{"line":204,"column":2},"end":{"line":204,"column":15}},"110":{"start":{"line":205,"column":2},"end":{"line":205,"column":20}},"111":{"start":{"line":207,"column":2},"end":{"line":210,"column":5}},"112":{"start":{"line":208,"column":4},"end":{"line":208,"column":27}},"113":{"start":{"line":209,"column":4},"end":{"line":209,"column":21}},"114":{"start":{"line":212,"column":2},"end":{"line":216,"column":3}},"115":{"start":{"line":213,"column":4},"end":{"line":215,"column":5}},"116":{"start":{"line":214,"column":6},"end":{"line":214,"column":43}},"117":{"start":{"line":218,"column":2},"end":{"line":228,"column":3}},"118":{"start":{"line":219,"column":4},"end":{"line":227,"column":7}},"119":{"start":{"line":220,"column":6},"end":{"line":220,"column":30}},"120":{"start":{"line":222,"column":6},"end":{"line":222,"column":32}},"121":{"start":{"line":222,"column":25},"end":{"line":222,"column":32}},"122":{"start":{"line":223,"column":6},"end":{"line":223,"column":27}},"123":{"start":{"line":225,"column":6},"end":{"line":225,"column":29}},"124":{"start":{"line":226,"column":6},"end":{"line":226,"column":42}},"125":{"start":{"line":230,"column":2},"end":{"line":235,"column":5}},"126":{"start":{"line":231,"column":4},"end":{"line":231,"column":22}},"127":{"start":{"line":232,"column":4},"end":{"line":232,"column":28}},"128":{"start":{"line":233,"column":4},"end":{"line":233,"column":31}},"129":{"start":{"line":234,"column":4},"end":{"line":234,"column":74}},"130":{"start":{"line":236,"column":2},"end":{"line":236,"column":13}},"131":{"start":{"line":239,"column":0},"end":{"line":243,"column":1}},"132":{"start":{"line":240,"column":2},"end":{"line":242,"column":5}},"133":{"start":{"line":241,"column":4},"end":{"line":241,"column":40}},"134":{"start":{"line":245,"column":0},"end":{"line":255,"column":1}},"135":{"start":{"line":246,"column":2},"end":{"line":254,"column":14}},"136":{"start":{"line":259,"column":0},"end":{"line":346,"column":1}},"137":{"start":{"line":260,"column":2},"end":{"line":260,"column":23}},"138":{"start":{"line":260,"column":13},"end":{"line":260,"column":23}},"139":{"start":{"line":262,"column":2},"end":{"line":262,"column":19}},"140":{"start":{"line":263,"column":2},"end":{"line":263,"column":67}},"141":{"start":{"line":264,"column":2},"end":{"line":264,"column":16}},"142":{"start":{"line":266,"column":2},"end":{"line":266,"column":39}},"143":{"start":{"line":268,"column":2},"end":{"line":268,"column":16}},"144":{"start":{"line":270,"column":2},"end":{"line":332,"column":3}},"145":{"start":{"line":271,"column":4},"end":{"line":273,"column":5}},"146":{"start":{"line":272,"column":6},"end":{"line":272,"column":34}},"147":{"start":{"line":275,"column":4},"end":{"line":291,"column":5}},"148":{"start":{"line":276,"column":6},"end":{"line":278,"column":7}},"149":{"start":{"line":277,"column":8},"end":{"line":277,"column":46}},"150":{"start":{"line":280,"column":6},"end":{"line":285,"column":7}},"151":{"start":{"line":281,"column":8},"end":{"line":284,"column":10}},"152":{"start":{"line":287,"column":6},"end":{"line":290,"column":8}},"153":{"start":{"line":293,"column":4},"end":{"line":293,"column":30}},"154":{"start":{"line":298,"column":4},"end":{"line":301,"column":5}},"155":{"start":{"line":299,"column":6},"end":{"line":299,"column":48}},"156":{"start":{"line":300,"column":6},"end":{"line":300,"column":27}},"157":{"start":{"line":303,"column":4},"end":{"line":305,"column":17}},"158":{"start":{"line":304,"column":6},"end":{"line":304,"column":71}},"159":{"start":{"line":307,"column":4},"end":{"line":307,"column":46}},"160":{"start":{"line":309,"column":4},"end":{"line":309,"column":31}},"161":{"start":{"line":310,"column":4},"end":{"line":310,"column":40}},"162":{"start":{"line":312,"column":4},"end":{"line":328,"column":5}},"163":{"start":{"line":314,"column":6},"end":{"line":316,"column":7}},"164":{"start":{"line":315,"column":8},"end":{"line":315,"column":70}},"165":{"start":{"line":318,"column":6},"end":{"line":320,"column":27}},"166":{"start":{"line":319,"column":8},"end":{"line":319,"column":32}},"167":{"start":{"line":322,"column":6},"end":{"line":326,"column":19}},"168":{"start":{"line":330,"column":4},"end":{"line":330,"column":18}},"169":{"start":{"line":331,"column":4},"end":{"line":331,"column":11}},"170":{"start":{"line":334,"column":2},"end":{"line":344,"column":3}},"171":{"start":{"line":335,"column":4},"end":{"line":337,"column":5}},"172":{"start":{"line":336,"column":6},"end":{"line":336,"column":78}},"173":{"start":{"line":339,"column":4},"end":{"line":342,"column":5}},"174":{"start":{"line":340,"column":6},"end":{"line":340,"column":40}},"175":{"start":{"line":341,"column":6},"end":{"line":341,"column":53}},"176":{"start":{"line":343,"column":4},"end":{"line":343,"column":22}},"177":{"start":{"line":348,"column":0},"end":{"line":366,"column":1}},"178":{"start":{"line":349,"column":2},"end":{"line":349,"column":16}},"179":{"start":{"line":350,"column":2},"end":{"line":364,"column":5}},"180":{"start":{"line":351,"column":4},"end":{"line":351,"column":36}},"181":{"start":{"line":352,"column":4},"end":{"line":352,"column":11}},"182":{"start":{"line":354,"column":4},"end":{"line":363,"column":7}},"183":{"start":{"line":356,"column":6},"end":{"line":360,"column":9}},"184":{"start":{"line":357,"column":8},"end":{"line":359,"column":9}},"185":{"start":{"line":358,"column":10},"end":{"line":358,"column":23}},"186":{"start":{"line":362,"column":6},"end":{"line":362,"column":24}},"187":{"start":{"line":365,"column":2},"end":{"line":365,"column":11}}},"branchMap":{"1":{"line":33,"type":"if","locations":[{"start":{"line":33,"column":6},"end":{"line":33,"column":6}},{"start":{"line":33,"column":6},"end":{"line":33,"column":6}}]},"2":{"line":109,"type":"if","locations":[{"start":{"line":109,"column":4},"end":{"line":109,"column":4}},{"start":{"line":109,"column":4},"end":{"line":109,"column":4}}]},"3":{"line":109,"type":"binary-expr","locations":[{"start":{"line":109,"column":10},"end":{"line":109,"column":20}},{"start":{"line":109,"column":24},"end":{"line":109,"column":33}}]},"4":{"line":141,"type":"if","locations":[{"start":{"line":141,"column":2},"end":{"line":141,"column":2}},{"start":{"line":141,"column":2},"end":{"line":141,"column":2}}]},"5":{"line":142,"type":"if","locations":[{"start":{"line":142,"column":2},"end":{"line":142,"column":2}},{"start":{"line":142,"column":2},"end":{"line":142,"column":2}}]},"6":{"line":143,"type":"if","locations":[{"start":{"line":143,"column":2},"end":{"line":143,"column":2}},{"start":{"line":143,"column":2},"end":{"line":143,"column":2}}]},"7":{"line":143,"type":"binary-expr","locations":[{"start":{"line":143,"column":6},"end":{"line":143,"column":14}},{"start":{"line":143,"column":18},"end":{"line":143,"column":43}}]},"8":{"line":149,"type":"if","locations":[{"start":{"line":149,"column":2},"end":{"line":149,"column":2}},{"start":{"line":149,"column":2},"end":{"line":149,"column":2}}]},"9":{"line":152,"type":"if","locations":[{"start":{"line":152,"column":2},"end":{"line":152,"column":2}},{"start":{"line":152,"column":2},"end":{"line":152,"column":2}}]},"10":{"line":156,"type":"binary-expr","locations":[{"start":{"line":156,"column":12},"end":{"line":156,"column":22}},{"start":{"line":156,"column":26},"end":{"line":156,"column":38}},{"start":{"line":156,"column":43},"end":{"line":156,"column":52}},{"start":{"line":156,"column":56},"end":{"line":156,"column":77}},{"start":{"line":156,"column":82},"end":{"line":156,"column":109}}]},"11":{"line":158,"type":"cond-expr","locations":[{"start":{"line":158,"column":28},"end":{"line":158,"column":63}},{"start":{"line":158,"column":66},"end":{"line":158,"column":74}}]},"12":{"line":159,"type":"binary-expr","locations":[{"start":{"line":159,"column":16},"end":{"line":159,"column":27}},{"start":{"line":159,"column":31},"end":{"line":159,"column":37}},{"start":{"line":159,"column":41},"end":{"line":159,"column":49}}]},"13":{"line":161,"type":"if","locations":[{"start":{"line":161,"column":2},"end":{"line":161,"column":2}},{"start":{"line":161,"column":2},"end":{"line":161,"column":2}}]},"14":{"line":161,"type":"binary-expr","locations":[{"start":{"line":161,"column":6},"end":{"line":161,"column":15}},{"start":{"line":161,"column":19},"end":{"line":161,"column":44}}]},"15":{"line":171,"type":"if","locations":[{"start":{"line":171,"column":2},"end":{"line":171,"column":2}},{"start":{"line":171,"column":2},"end":{"line":171,"column":2}}]},"16":{"line":172,"type":"cond-expr","locations":[{"start":{"line":172,"column":41},"end":{"line":172,"column":58}},{"start":{"line":172,"column":61},"end":{"line":172,"column":65}}]},"17":{"line":176,"type":"cond-expr","locations":[{"start":{"line":176,"column":55},"end":{"line":176,"column":60}},{"start":{"line":176,"column":63},"end":{"line":176,"column":65}}]},"18":{"line":182,"type":"if","locations":[{"start":{"line":182,"column":4},"end":{"line":182,"column":4}},{"start":{"line":182,"column":4},"end":{"line":182,"column":4}}]},"19":{"line":185,"type":"if","locations":[{"start":{"line":185,"column":4},"end":{"line":185,"column":4}},{"start":{"line":185,"column":4},"end":{"line":185,"column":4}}]},"20":{"line":185,"type":"binary-expr","locations":[{"start":{"line":185,"column":8},"end":{"line":185,"column":18}},{"start":{"line":185,"column":22},"end":{"line":185,"column":37}}]},"21":{"line":189,"type":"if","locations":[{"start":{"line":189,"column":6},"end":{"line":189,"column":6}},{"start":{"line":189,"column":6},"end":{"line":189,"column":6}}]},"22":{"line":213,"type":"if","locations":[{"start":{"line":213,"column":4},"end":{"line":213,"column":4}},{"start":{"line":213,"column":4},"end":{"line":213,"column":4}}]},"23":{"line":222,"type":"if","locations":[{"start":{"line":222,"column":6},"end":{"line":222,"column":6}},{"start":{"line":222,"column":6},"end":{"line":222,"column":6}}]},"24":{"line":241,"type":"cond-expr","locations":[{"start":{"line":241,"column":33},"end":{"line":241,"column":34}},{"start":{"line":241,"column":37},"end":{"line":241,"column":38}}]},"25":{"line":260,"type":"if","locations":[{"start":{"line":260,"column":2},"end":{"line":260,"column":2}},{"start":{"line":260,"column":2},"end":{"line":260,"column":2}}]},"26":{"line":263,"type":"cond-expr","locations":[{"start":{"line":263,"column":31},"end":{"line":263,"column":57}},{"start":{"line":263,"column":60},"end":{"line":263,"column":61}}]},"27":{"line":271,"type":"if","locations":[{"start":{"line":271,"column":4},"end":{"line":271,"column":4}},{"start":{"line":271,"column":4},"end":{"line":271,"column":4}}]},"28":{"line":271,"type":"binary-expr","locations":[{"start":{"line":271,"column":8},"end":{"line":271,"column":13}},{"start":{"line":271,"column":17},"end":{"line":271,"column":29}}]},"29":{"line":275,"type":"if","locations":[{"start":{"line":275,"column":4},"end":{"line":275,"column":4}},{"start":{"line":275,"column":4},"end":{"line":275,"column":4}}]},"30":{"line":275,"type":"binary-expr","locations":[{"start":{"line":275,"column":8},"end":{"line":275,"column":22}},{"start":{"line":275,"column":26},"end":{"line":275,"column":36}}]},"31":{"line":276,"type":"if","locations":[{"start":{"line":276,"column":6},"end":{"line":276,"column":6}},{"start":{"line":276,"column":6},"end":{"line":276,"column":6}}]},"32":{"line":280,"type":"if","locations":[{"start":{"line":280,"column":6},"end":{"line":280,"column":6}},{"start":{"line":280,"column":6},"end":{"line":280,"column":6}}]},"33":{"line":280,"type":"binary-expr","locations":[{"start":{"line":280,"column":10},"end":{"line":280,"column":15}},{"start":{"line":280,"column":19},"end":{"line":280,"column":31}}]},"34":{"line":293,"type":"binary-expr","locations":[{"start":{"line":293,"column":15},"end":{"line":293,"column":23}},{"start":{"line":293,"column":27},"end":{"line":293,"column":29}}]},"35":{"line":298,"type":"if","locations":[{"start":{"line":298,"column":4},"end":{"line":298,"column":4}},{"start":{"line":298,"column":4},"end":{"line":298,"column":4}}]},"36":{"line":312,"type":"if","locations":[{"start":{"line":312,"column":4},"end":{"line":312,"column":4}},{"start":{"line":312,"column":4},"end":{"line":312,"column":4}}]},"37":{"line":312,"type":"binary-expr","locations":[{"start":{"line":312,"column":8},"end":{"line":312,"column":13}},{"start":{"line":312,"column":17},"end":{"line":312,"column":29}}]},"38":{"line":314,"type":"if","locations":[{"start":{"line":314,"column":6},"end":{"line":314,"column":6}},{"start":{"line":314,"column":6},"end":{"line":314,"column":6}}]},"39":{"line":335,"type":"if","locations":[{"start":{"line":335,"column":4},"end":{"line":335,"column":4}},{"start":{"line":335,"column":4},"end":{"line":335,"column":4}}]},"40":{"line":335,"type":"binary-expr","locations":[{"start":{"line":335,"column":8},"end":{"line":335,"column":17}},{"start":{"line":335,"column":21},"end":{"line":335,"column":33}}]},"41":{"line":339,"type":"if","locations":[{"start":{"line":339,"column":4},"end":{"line":339,"column":4}},{"start":{"line":339,"column":4},"end":{"line":339,"column":4}}]},"42":{"line":357,"type":"if","locations":[{"start":{"line":357,"column":8},"end":{"line":357,"column":8}},{"start":{"line":357,"column":8},"end":{"line":357,"column":8}}]}},"code":["\"use strict\";","","var through = require('through2');","var sort = require('deps-sort');","var combineSourceMap = require('combine-source-map');","var mkdirp = require('mkdirp');","var path = require('path');","var fs = require('fs');","var bresolve = require('browser-resolve');","var fold = require('./lib/fold');","var forOwn = require('./lib/forOwn');","var append = require('./lib/append');","var partition = require('./lib/partition');","","var defaultPreludePath = path.join(__dirname, 'preludes', 'prelude.js');","var defaultPrelude = fs.readFileSync(defaultPreludePath);","","module.exports = partitionBundle;","","function partitionBundle(b, opts) {","","  opts = normalizeOptions(b, opts);","  var shortIDLabels = opts.shortIDLabels = {};","","  var rOpts = {","    basedir: opts.mapDir,","    extensions: b._extensions","  };","","  // require the modules from the map","  forOwn(opts.map, function(modules, file) {","    modules.forEach(function(mod, i) {","      if (typeof mod === 'string') {","        mod = {","          require: mod,","          expose: mod","        };","      }","","      var id = bresolve.sync(mod.require, rOpts);","      shortIDLabels[id] = mod.expose;","      modules[i] = id;","      b.require(id, {entry: true});","    });","  });","","  // on reset, a new pipeline is installed, make sure we","  // alter this one new one with our events too.","  b.on('reset', function() {","    installBundlePipeline(b.pipeline, opts);","  });","","  // install initial pipeline","  installBundlePipeline(b.pipeline, opts);","","}","","function installBundlePipeline(pipeline, opts) {","","  var cwd = opts.cwd;","","  var shortIDLabels = opts.shortIDLabels;","  var labelCount = 1;","","  // streams for the output files","  var streams = {};","","  function createStream(file, modulesByID, firstFile) {","    // create output stream for this file","    var stream = through.obj();","    var outFile = path.resolve(opts.output, file);","    var outDir = path.dirname(outFile);","    mkdirp.sync(outDir);","","    var ws = fs.createWriteStream(outFile);","","    stream","      .pipe(sort())","      .pipe(wrap({","        prelude: file == firstFile,","        firstFile: firstFile,","        files: Object.keys(opts.map),","        map: modulesByID,","        labels: shortIDLabels,","        url: opts.url,","        main: opts.main","      }))","      .pipe(ws);","","    // kinda hacky, to notify the stream has finished, unfortunately","    // doesn't seem to happen automatic
[...]
:{"start":{"line":97,"column":4},"end":{"line":101,"column":7}},"69":{"start":{"line":98,"column":6},"end":{"line":98,"column":33}},"70":{"start":{"line":99,"column":6},"end":{"line":99,"column":15}},"71":{"start":{"line":100,"column":6},"end":{"line":100,"column":14}},"72":{"start":{"line":104,"column":2},"end":{"line":108,"column":3}},"73":{"start":{"line":105,"column":4},"end":{"line":107,"column":5}},"74":{"start":{"line":106,"column":6},"end":{"line":106,"column":30}},"75":{"start":{"line":110,"column":2},"end":{"line":110,"column":10}},"76":{"start":{"line":112,"column":2},"end":{"line":112,"column":23}},"77":{"start":{"line":116,"column":0},"end":{"line":121,"column":2}},"78":{"start":{"line":117,"column":2},"end":{"line":120,"column":5}},"79":{"start":{"line":118,"column":4},"end":{"line":118,"column":36}},"80":{"start":{"line":118,"column":16},"end":{"line":118,"column":36}},"81":{"start":{"line":119,"column":4},"end":{"line":119,"column":18}},"82":{"start":{"line":124,"column":0},"end":{"line":248,"column":135}},"83":{"start":{"line":127,"column":0},"end":{"line":127,"column":44}},"84":{"start":{"line":128,"column":0},"end":{"line":128,"column":46}},"85":{"start":{"line":129,"column":0},"end":{"line":129,"column":40}},"86":{"start":{"line":130,"column":0},"end":{"line":130,"column":42}},"87":{"start":{"line":131,"column":0},"end":{"line":131,"column":43}},"88":{"start":{"line":133,"column":0},"end":{"line":133,"column":15}},"89":{"start":{"line":134,"column":0},"end":{"line":134,"column":17}},"90":{"start":{"line":136,"column":0},"end":{"line":138,"column":1}},"91":{"start":{"line":137,"column":2},"end":{"line":137,"column":39}},"92":{"start":{"line":140,"column":0},"end":{"line":157,"column":1}},"93":{"start":{"line":141,"column":2},"end":{"line":141,"column":25}},"94":{"start":{"line":142,"column":2},"end":{"line":155,"column":3}},"95":{"start":{"line":143,"column":4},"end":{"line":143,"column":28}},"96":{"start":{"line":144,"column":4},"end":{"line":144,"column":38}},"97":{"start":{"line":145,"column":4},"end":{"line":154,"column":5}},"98":{"start":{"line":146,"column":6},"end":{"line":148,"column":8}},"99":{"start":{"line":147,"column":8},"end":{"line":147,"column":56}},"100":{"start":{"line":149,"column":6},"end":{"line":149,"column":59}},"101":{"start":{"line":151,"column":6},"end":{"line":151,"column":63}},"102":{"start":{"line":152,"column":6},"end":{"line":152,"column":36}},"103":{"start":{"line":153,"column":6},"end":{"line":153,"column":23}},"104":{"start":{"line":156,"column":2},"end":{"line":156,"column":16}},"105":{"start":{"line":159,"column":0},"end":{"line":165,"column":1}},"106":{"start":{"line":160,"column":2},"end":{"line":164,"column":6}},"107":{"start":{"line":161,"column":4},"end":{"line":161,"column":31}},"108":{"start":{"line":162,"column":4},"end":{"line":162,"column":64}},"109":{"start":{"line":163,"column":4},"end":{"line":163,"column":16}},"110":{"start":{"line":167,"column":0},"end":{"line":169,"column":1}},"111":{"start":{"line":168,"column":2},"end":{"line":168,"column":12}},"112":{"start":{"line":171,"column":0},"end":{"line":172,"column":1}},"113":{"start":{"line":174,"column":0},"end":{"line":174,"column":17}},"114":{"start":{"line":175,"column":0},"end":{"line":175,"column":16}},"115":{"start":{"line":177,"column":0},"end":{"line":188,"column":1}},"116":{"start":{"line":178,"column":2},"end":{"line":187,"column":5}},"117":{"start":{"line":179,"column":4},"end":{"line":179,"column":28}},"118":{"start":{"line":180,"column":4},"end":{"line":183,"column":5}},"119":{"start":{"line":181,"column":6},"end":{"line":181,"column":27}},"120":{"start":{"line":182,"column":6},"end":{"line":182,"column":24}},"121":{"start":{"line":184,"column":4},"end":{"line":186,"column":7}},"122":{"start":{"line":185,"column":6},"end":{"line":185,"column":20}},"123":{"start":{"line":191,"column":0},"end":{"line":191,"column":31}},"124":{"start":{"line":193,"column":0},"end":{"line":240,"column":2}},"125":{"start":{"line":195,"column":2},"end":{"line":195,"column":21}},"126":{"start":{"line":195,"column":11},"end":{"line":195,"column":21}},"127":{"start":{"line":196,"column":2},"end":{"line":196,"column":35}},"128":{"start":{"line":196,"column":14},"end":{"line":196,"column":35}},"129":{"start":{"line":199,"column":2},"end":{"line":207,"column":5}},"130":{"start":{"line":200,"column":4},"end":{"line":206,"column":7}},"131":{"start":{"line":201,"column":6},"end":{"line":201,"column":38}},"132":{"start":{"line":202,"column":6},"end":{"line":204,"column":7}},"133":{"start":{"line":203,"column":8},"end":{"line":203,"column":26}},"134":{"start":{"line":205,"column":6},"end":{"line":205,"column":20}},"135":{"start":{"line":210,"column":2},"end":{"line":212,"column":5}},"136":{"start":{"line":211,"column":4},"end":{"line":211,"column":55}},"137":{"start":{"line":214,"column":2},"end":{"line":222,"column":5}},"138":{"start":{"line":217,"column":4},"end":{"line":220,"column":7}},"139":{"start":{"line":218,"column":6},"end":{"line":219,"column":32}},"140":{"start":{"line":218,"column":25},"end":{"line":218,"column":48}},"141":{"start":{"line":219,"column":11},"end":{"line":219,"column":32}},"142":{"start":{"line":221,"column":4},"end":{"line":221,"column":17}},"143":{"start":{"line":225,"column":2},"end":{"line":235,"column":5}},"144":{"start":{"line":226,"column":4},"end":{"line":226,"column":44}},"145":{"start":{"line":227,"column":4},"end":{"line":234,"column":5}},"146":{"start":{"line":228,"column":6},"end":{"line":228,"column":23}},"147":{"start":{"line":230,"column":6},"end":{"line":233,"column":9}},"148":{"start":{"line":231,"column":8},"end":{"line":232,"column":37}},"149":{"start":{"line":231,"column":27},"end":{"line":231,"column":44}},"150":{"start":{"line":232,"column":13},"end":{"line":232,"column":37}},"151":{"start":{"line":238,"column":2},"end":{"line":238,"column":39}},"152":{"start":{"line":242,"column":0},"end":{"line":242,"column":20}},"153":{"start":{"line":244,"column":0},"end":{"line":244,"column":28}},"154":{"start":{"line":245,"column":0},"end":{"line":245,"column":18}},"155":{"start":{"line":246,"column":0},"end":{"line":246,"column":16}}},"branchMap":{"1":{"line":1,"type":"if","locations":[{"start":{"line":1,"column":35},"end":{"line":1,"column":35}},{"start":{"line":1,"column":35},"end":{"line":1,"column":35}}]},"2":{"line":1,"type":"if","locations":[{"start":{"line":1,"column":45},"end":{"line":1,"column":45}},{"start":{"line":1,"column":45},"end":{"line":1,"column":45}}]},"3":{"line":1,"type":"binary-expr","locations":[{"start":{"line":1,"column":61},"end":{"line":1,"column":87}},{"start":{"line":1,"column":89},"end":{"line":1,"column":96}}]},"4":{"line":1,"type":"if","locations":[{"start":{"line":1,"column":97},"end":{"line":1,"column":97}},{"start":{"line":1,"column":97},"end":{"line":1,"column":97}}]},"5":{"line":1,"type":"binary-expr","locations":[{"start":{"line":1,"column":100},"end":{"line":1,"column":102}},{"start":{"line":1,"column":104},"end":{"line":1,"column":105}}]},"6":{"line":1,"type":"if","locations":[{"start":{"line":1,"column":121},"end":{"line":1,"column":121}},{"start":{"line":1,"column":121},"end":{"line":1,"column":121}}]},"7":{"line":1,"type":"cond-expr","locations":[{"start":{"line":1,"column":308},"end":{"line":1,"column":309}},{"start":{"line":1,"column":310},"end":{"line":1,"column":311}}]},"8":{"line":1,"type":"binary-expr","locations":[{"start":{"line":1,"column":361},"end":{"line":1,"column":387}},{"start":{"line":1,"column":389},"end":{"line":1,"column":396}}]},"9":{"line":9,"type":"if","locations":[{"start":{"line":9,"column":2},"end":{"line":9,"column":2}},{"start":{"line":9,"column":2},"end":{"line":9,"column":2}}]},"10":{"line":35,"type":"if","locations":[{"start":{"line":35,"column":4},"end":{"line":35,"column":4}},{"start":{"line":35,"column":4},"end":{"line":35,"column":4}}]},"11":{"line":46,"type":"if","locations":[{"start":{"line":46,"column":2},"end":{"line":46,"column":2}},{"start":{"line":46,"column":2},"end":{"line":46,"column":2}}]},"12":{"line":63,"type":"if","locations":[{"start":{"line":63,"column":4},"end":{"line":63,"column":4}},{"start":{"line":63,"column":4},"end":{"line":63,"column":4}}]},"13":{"line":63,"type":"binary-expr","locations":[{"start":{"line":63,"column":8},"end":{"line":63,"column":13}},{"start":{"line":63,"column":18},"end":{"line":63,"column":34}},{"start":{"line":63,"column":38},"end":{"line":63,"column":67}},{"start":{"line":63,"column":71},"end":{"line":63,"column":98}}]},"14":{"line":69,"type":"if","locations":[{"start":{"line":69,"column":4},"end":{"line":69,"column":4}},{"start":{"line":69,"column":4},"end":{"line":69,"column":4}}]},"15":{"line":70,"type":"binary-expr","locations":[{"start":{"line":70,"column":12},"end":{"line":70,"column":17}},{"start":{"line":70,"column":21},"end":{"line":70,"column":53}}]},"16":{"line":105,"type":"if","locations":[{"start":{"line":105,"column":4},"end":{"line":105,"column":4}},{"start":{"line":105,"column":4},"end":{"line":105,"column":4}}]},"17":{"line":118,"type":"if","locations":[{"start":{"line":118,"column":4},"end":{"line":118,"column":4}},{"start":{"line":118,"column":4},"end":{"line":118,"column":4}}]},"18":{"line":142,"type":"if","locations":[{"start":{"line":142,"column":2},"end":{"line":142,"column":2}},{"start":{"line":142,"column":2},"end":{"line":142,"column":2}}]},"19":{"line":145,"type":"if","locations":[{"start":{"line":145,"column":4},"end":{"line":145,"column":4}},{"start":{"line":145,"column":4},"end":{"line":145,"column":4}}]},"20":{"line":162,"type":"cond-expr","locations":[{"start":{"line":162,"column":22},"end":{"line":162,"column":23}},{"start":{"line":162,"column":26},"end":{"line":162,"column":27}}]},"21":{"line":162,"type":"binary-expr","locations":[{"start":{"line":162,"column":34},"end":{"line":162,"column":44}},{"start":{"line":162,"column":48},"end":{"line":162,"column":62}}]},"22":{"line":180,"type":"if","locations":[{"start":{"line":180,"column":4},"end":{"line":180,"column":4}},{"start":{"line":180,"column":4},"end":{"line":180,"column":4}}]},"23":{"line":191,"type":"binary-expr","locations":[{"start":{"line":191,"column":11},"end":{"line":191,"column":24}},{"start":{"line":191,"column":28},"end":{"line":191,"column":30}}]},"24":{"line":195,"type":"if","locations":[{"start":{"line":195,"column":2},"end":{"line":195,"column":2}},{"start":{"line":195,"column":2},"end":{"line":195,"column":2}}]},"25":{"line":196,"type":"if","locations":[{"start":{"line":196,"column":2},"end":{"line":196,"column":2}},{"start":{"line":196,"column":2},"end":{"line":196,"column":2}}]},"26":{"line":200,"type":"binary-expr","locations":[{"start":{"line":200,"column":16},"end":{"line":200,"column":34}},{"start":{"line":200,"column":38},"end":{"line":200,"column":40}}]},"27":{"line":202,"type":"if","locations":[{"start":{"line":202,"column":6},"end":{"line":202,"column":6}},{"start":{"line":202,"column":6},"end":{"line":202,"column":6}}]},"28":{"line":211,"type":"cond-expr","locations":[{"start":{"line":211,"column":27},"end":{"line":211,"column":32}},{"start":{"line":211,"column":35},"end":{"line":211,"column":54}}]},"29":{"line":218,"type":"if","locations":[{"start":{"line":218,"column":6},"end":{"line":218,"column":6}},{"start":{"line":218,"column":6},"end":{"line":218,"column":6}}]},"30":{"line":227,"type":"if","locations":[{"start":{"line":227,"column":4},"end":{"line":227,"column":4}},{"start":{"line":227,"column":4},"end":{"line":227,"column":4}}]},"31":{"line":231,"type":"if","locations":[{"start":{"line":231,"column":8},"end":{"line":231,"column":8}},{"start":{"line":231,"column":8},"end":{"line":231,"column":8}}]},"32":{"line":244,"type":"binary-expr","locations":[{"start":{"line":244,"column":13},"end":{"line":244,"column":21}},{"start":{"line":244,"column":25},"end":{"line":244,"column":27}}]},"33":{"line":248,"type":"cond-expr","locations":[{"start":{"line":248,"column":45},"end":{"line":248,"column":51}},{"start":{"line":248,"column":54},"end":{"line":248,"column":134}}]},"34":{"line":248,"type":"cond-expr","locations":[{"start":{"line":248,"column":84},"end":{"line":248,"column":88}},{"start":{"line":248,"column":91},"end":{"line":248,"column":134}}]},"35":{"line":248,"type":"cond-expr","locations":[{"start":{"line":248,"column":123},"end":{"line":248,"column":129}},{"start":{"line":248,"column":132},"end":{"line":248,"column":134}}]}},"code":["(function e(t,n,r){function s(o,u){if(!n[o]){if(!t[o]){var a=typeof require==\"function\"&&require;if(!u&&a)return a(o,!0);if(i)return i(o,!0);var f=new Error(\"Cannot find module '\"+o+\"'\");throw f.code=\"MODULE_NOT_FOUND\",f}var l=n[o]={exports:{}};t[o][0].call(l.exports,function(e){var n=t[o][1][e];return s(n?n:e)},l,l.exports,e,t,n,r)}return n[o].exports}var i=typeof require==\"function\"&&require;for(var o=0;o<r.length;o++)s(r[o]);return s})({1:[function(require,module,exports){","\"use strict\";","","var indexOf = require('./indexOf');","","module.exports = append;","","function append(array, item) {","  if (indexOf(array, item) == -1) {","    array.push(item);","  }","  return array;","}","","},{\"./indexOf\":3}],2:[function(require,module,exports){","\"use strict\";","","module.exports = fold;","","function fold(array, acc, fn, ctx) {","  for (var i = 0; i < array.length; i++) {","    acc = fn.call(ctx, array[i], i, acc);","  }","  return acc;","}","","","},{}],3:[function(require,module,exports){","\"use strict\";","","module.exports = indexOf;","","function indexOf(array, item) {","  for (var i = 0; i < array.length; i++) {","    if (array[i] === item) return i;","  }","  return -1;","}","","},{}],4:[function(require,module,exports){","\"use strict\";","","module.exports = loadScript;","","function loadScript(file, head, fn) {","  if (typeof head == 'function') {","    fn = head;","    head = document.getElementsByTagName('head')[0];","  }","","  var script = document.createElement('script');","  var done = false;","  var timer;","","  function ready(err) {","    done = true;","    script.onload = script.onerror = script.onreadystatechange = null;","    clearTimeout(timer);","    fn(err);","  }","","  script.onload = script.onreadystatechange = function(e) {","    if (!done && (!this.readyState || this.readyState == 'complete' || this.readyState == 'loaded')) {","      ready(null);","    }","  };","","  script.onerror = function(error) {","    if (!done) {","      ready(error || new Error('Could not load file'));","    }","  };","","  timer = setTimeout(function() {","    ready(new Error('Script loading timed-out'));","  }, 3e4);","","  script.src = file;","  head.appendChild(script);","","}","","},{}],5:[function(require,module,exports){","\"use strict\";","","var fold = require('./fold');","","module.exports = parallel;","","function parallel(array, fn) {","","  var length = array.length;","  var results = new Array(length);","  var loaded = 0;","","  function wrap(fn, index) {","    fn(function callback(err) {","      results[index] = arguments;","      loaded++;","      ready();","    });","  }","","  function ready() {","    if (loaded >= length) {","      fn.apply(null, results);","    }","  }","","  ready();","","  fold(array, 0, wrap);","","}","","parallel.errors = function errors(args) {","  return fold(args, [], function(val, key, errors) {","    if (val[0]) errors.push(val[0]);","    return errors;","  });","};","","},{\"./fold\":2}],6:[function(require,module,exports){","(function (global){","\"use strict\";","","var parallel   = require('../lib/parallel');","var loadScript = require('../lib/loadScript');","var fold       = require('../lib/fold');","var append     = require('../lib/append');","var indexOf    = require('../lib/indexOf');","","var cache = {};","var modules = {};","","function __define(id, def, deps) {","  modules[id] = {def: def, deps: deps};","}","","function __require(id) {","  var module = cache[id];","  if (!module) {","    module = cache[id] = {};","    var exports = module.exports = {};","    if (modules[id]) {","      var _req = function(_id) {","        return __require(modules[id].deps[_id]).exports;","      };","      modules[id].def.call(exports, _req, module, exports);","    } else {","      var err = new Error('Cannot find module \\'' + id + '\\'');","      err.code = 'MODULE_NOT_FOUND';","      module.err = err;","    }","  }","  return module;","}","","function __requireAll(ids, fn) {","  fn.apply(null, fold(ids, [[], []], function(id, i, args) {","    var module = __require(id);","    args[module.err ? 0 : 1].push(module.err || module.exports);","    return args;","  }));","}","","function defaultErrFn(err) {","  throw err;","}","","function noop() {","}","","var loading = {};","var loaded = [];","","function loadScriptFile(file) {","  loadScript(loadjs.url + file, function(err) {","    var cbs = loading[file];","    if (!err) {","      loading[file] = null;","      loaded.push(file);","    }","    fold(cbs, 0, function(cb) {","      cb(err, file);","    });","  });","}","","// it's possible to set those options as a global","var opts = global.loadjs || {};","","var loadjs = global.loadjs = function(deps, fn, errFn) {","","  if (!fn) fn = noop;","  if (!errFn) errFn = defaultErrFn;","","  // and if we need to load external files","  var filesToWatch = fold(deps, [], function(module, key, toWatch) {","    return fold(loadjs.map[module] || [], toWatch, function(fIndex, i, toLoad) {","      var file = loadjs.files[fIndex];","      if (indexOf(loaded, file) == -1) {","        toLoad.push(file);","      }","      return toLoad;","    });","  });","","  // files that are not yet loading","  var filesToLoad = fold(filesToWatch, [], function(file, key, files) {","    return loading[file] ? files : append(files, file);","  });","","  var loadTasks = fold(filesToWatch, [], function(file, key, tasks) {","    // subscribe to the array of callbacks that is","    // called when the file is loaded","    tasks.push(function(cb) {","      if (loading[file]) loading[file].push(cb);","      else loading[file] = [cb];","    });","    return tasks;","  });","","  // when all files are loaded, the modules can be required","  parallel(loadTasks, function() {","    var errors = parallel.errors(arguments);","    if (errors.length) {","      errFn(errors[0]);","    } else {","      __requireAll(deps, function(errors, exports) {","        if (errors.length) errFn(errors[0]);","        else fn.apply(null, exports);","      });","    }","  });","","  // trigger loading the files, if necessary","  fold(filesToLoad, 0, loadScriptFile);","","};","","loadjs.d = __define;","","loadjs.url = opts.url || '';","loadjs.files = [];","loadjs.map = {};","","}).call(this,typeof global !== \"undefined\" ? global : typeof self !== \"undefined\" ? self : typeof window !== \"undefined\" ? window : {})","},{\"../lib/append\":1,\"../lib/fold\":2,\"../lib/indexOf\":3,\"../lib/loadScript\":4,\"../lib/parallel\":5}]},{},[6]);",""],"l":{"1":8,"4":1,"6":1,"8":1,"9":0,"10":0,"12":0,"18":1,"20":1,"21":0,"22":0,"24":0,"31":1,"33":1,"34":0,"35":0,"37":0,"43":1,"45":1,"46":0,"47":0,"48":0,"51":0,"52":0,"53":0,"55":1,"56":0,"57":0,"58":0,"59":0,"62":0,"63":0,"64":0,"68":0,"69":0,"70":0,"74":0,"75":0,"78":0,"79":0,"86":1,"88":1,"90":1,"92":0,"93":0,"94":0,"96":1,"97":0,"98":0,"99":0,"100":0,"104":1,"105":0,"106":0,"110":0,"112":0,"116":1,"117":0,"118":0,"119":0,"124":1,"127":1,"128":1,"129":1,"130":1,"131":1,"133":1,"134":1,"136":1,"137":0,"140":1,"141":0,"142":0,"143":0,"144":0,"145":0,"146":0,"147":0,"149":0,"151":0,"152":0,"153":0,"156":0,"159":1,"160":0,"161":0,"162":0,"163":0,"167":1,"168":0,"171":1,"174":1,"175":1,"177":1,"178":0,"179":0,"180":0,"181":0,"182":0,"184":0,"185":0,"191":1,"193":1,"195":0,"196":0,"199":0,"200":0,"201":0,"202":0,"203":0,"205":0,"210":0,"211":0,"214":0,"217":0,"218":0,"219":0,"221":0,"225":0,"226":0,"227":0,"228":0,"230":0,"231":0,"232":0,"238":0,"242":1,"244":1,"245":1,"246":1}}}